Log file open, 04/08/23 18:51:24
LogWindows: Failed to load 'aqProf.dll' (GetLastError=126)
LogWindows: File 'aqProf.dll' does not exist
LogWindows: Failed to load 'VSPerf140.dll' (GetLastError=126)
LogWindows: File 'VSPerf140.dll' does not exist
LogWindows: Failed to load 'VtuneApi.dll' (GetLastError=126)
LogWindows: File 'VtuneApi.dll' does not exist
LogWindows: Failed to load 'VtuneApi32e.dll' (GetLastError=126)
LogWindows: File 'VtuneApi32e.dll' does not exist
LogInit: Display: Running engine for game: BallRunner
LogPlatformFile: Not using cached read wrapper
LogTaskGraph: Started task graph with 5 named threads and 35 total threads with 3 sets of task threads.
LogStats: Stats thread started at 0.528934
LogD3D11RHI: Loaded GFSDK_Aftermath_Lib.x64.dll
LogICUInternationalization: Display: ICU TimeZone Detection - Raw Offset: +1:00, Platform Override: ''
LogPluginManager: Mounting plugin Paper2D
LogPluginManager: Mounting plugin AISupport
LogPluginManager: Mounting plugin LightPropagationVolume
LogPluginManager: Mounting plugin CLionSourceCodeAccess
LogPluginManager: Mounting plugin CodeLiteSourceCodeAccess
LogPluginManager: Mounting plugin GitSourceControl
LogPluginManager: Mounting plugin KDevelopSourceCodeAccess
LogPluginManager: Mounting plugin NullSourceCodeAccess
LogPluginManager: Mounting plugin PerforceSourceControl
LogPluginManager: Mounting plugin SubversionSourceControl
LogPluginManager: Mounting plugin UObjectPlugin
LogPluginManager: Mounting plugin VisualStudioCodeSourceCodeAccess
LogPluginManager: Mounting plugin VisualStudioSourceCodeAccess
LogPluginManager: Mounting plugin XCodeSourceCodeAccess
LogPluginManager: Mounting plugin AssetManagerEditor
LogPluginManager: Mounting plugin CryptoKeys
LogPluginManager: Mounting plugin DataValidation
LogPluginManager: Mounting plugin FacialAnimation
LogPluginManager: Mounting plugin GameplayTagsEditor
LogPluginManager: Mounting plugin MacGraphicsSwitching
LogPluginManager: Mounting plugin MeshEditor
LogPluginManager: Mounting plugin MobileLauncherProfileWizard
LogPluginManager: Mounting plugin PluginBrowser
LogPluginManager: Mounting plugin SpeedTreeImporter
LogPluginManager: Mounting plugin DatasmithContent
LogPluginManager: Mounting plugin AlembicImporter
LogPluginManager: Mounting plugin AppleImageUtils
LogPluginManager: Mounting plugin AppleVision
LogPluginManager: Mounting plugin BackChannel
LogPluginManager: Mounting plugin CharacterAI
LogPluginManager: Mounting plugin GeometryCache
LogPluginManager: Mounting plugin HTML5Networking
LogPluginManager: Mounting plugin ProxyLODPlugin
LogPluginManager: Mounting plugin MagicLeap
LogPluginManager: Mounting plugin MagicLeapEmulator
LogPluginManager: Mounting plugin MagicLeapMedia
LogPluginManager: Mounting plugin AndroidMedia
LogPluginManager: Mounting plugin AvfMedia
LogPluginManager: Mounting plugin ImgMedia
LogPluginManager: Mounting plugin LinearTimecode
LogPluginManager: Mounting plugin MediaCompositing
LogPluginManager: Mounting plugin MediaPlayerEditor
LogPluginManager: Mounting plugin WmfMedia
LogPluginManager: Mounting plugin TcpMessaging
LogPluginManager: Mounting plugin UdpMessaging
LogPluginManager: Mounting plugin ActorSequence
LogPluginManager: Mounting plugin LevelSequenceEditor
LogPluginManager: Mounting plugin MatineeToLevelSequence
LogPluginManager: Mounting plugin NetcodeUnitTest
LogPluginManager: Mounting plugin NUTUnrealEngine4
LogPluginManager: Mounting plugin OnlineSubsystemGooglePlay
LogPluginManager: Mounting plugin OnlineSubsystemIOS
LogPluginManager: Mounting plugin OnlineSubsystem
LogPluginManager: Mounting plugin OnlineSubsystemNull
LogPluginManager: Mounting plugin OnlineSubsystemUtils
LogPluginManager: Mounting plugin LauncherChunkInstaller
LogPluginManager: Mounting plugin AndroidDeviceProfileSelector
LogPluginManager: Mounting plugin AndroidMoviePlayer
LogPluginManager: Mounting plugin AndroidPermission
LogPluginManager: Mounting plugin AppleMoviePlayer
LogPluginManager: Mounting plugin ArchVisCharacter
LogPluginManager: Mounting plugin AudioCapture
LogPluginManager: Mounting plugin CableComponent
LogPluginManager: Mounting plugin CustomMeshComponent
LogPluginManager: Mounting plugin EditableMesh
LogPluginManager: Mounting plugin ExampleDeviceProfileSelector
LogPluginManager: Mounting plugin GoogleCloudMessaging
LogPluginManager: Mounting plugin ImmediatePhysics
LogPluginManager: Mounting plugin IOSDeviceProfileSelector
LogPluginManager: Mounting plugin LinuxDeviceProfileSelector
LogPluginManager: Mounting plugin LocationServicesBPLibrary
LogPluginManager: Mounting plugin MobilePatchingUtils
LogPluginManager: Mounting plugin OculusVR
LogPluginManager: Plugin shader directory ../../../Engine/Plugins/Runtime/Oculus/OculusVR/Shaders found
LogPluginManager: Mapping shader source directory ../../../Engine/Plugins/Runtime/Oculus/OculusVR/Shaders to virtual directory /Plugin/OculusVR
LogPluginManager: Mounting plugin PhysXVehicles
LogPluginManager: Mounting plugin ProceduralMeshComponent
LogPluginManager: Mounting plugin RuntimePhysXCooking
LogPluginManager: Mounting plugin SteamVR
LogPluginManager: Mounting plugin WindowsMoviePlayer
LogStreaming: Display: Took  0.108s to configure plugins.
LogInit: Using libcurl 7.55.1-DEV
LogInit:  - built for x86_64-pc-win32
LogInit:  - supports SSL with OpenSSL/1.0.2h
LogInit:  - supports HTTP deflate (compression) using libz 1.2.8
LogInit:  - other features:
LogInit:      CURL_VERSION_SSL
LogInit:      CURL_VERSION_LIBZ
LogInit:      CURL_VERSION_IPV6
LogInit:      CURL_VERSION_ASYNCHDNS
LogInit:      CURL_VERSION_LARGEFILE
LogInit:      CURL_VERSION_IDN
LogInit:  CurlRequestOptions (configurable via config and command line):
LogInit:  - bVerifyPeer = false  - Libcurl will NOT verify peer certificate
LogInit:  - bUseHttpProxy = false  - Libcurl will NOT use HTTP proxy
LogInit:  - bDontReuseConnections = false  - Libcurl will reuse connections
LogInit:  - CertBundlePath = nullptr  - Libcurl will use whatever was configured at build time.
LogInit:  - MaxHostConnections = 16  - Libcurl will limit the number of connections to a host
LogInit:  - LocalHostAddr = Default
LogInit:  - BufferSize = 65536
LogInit: WinSock: version 1.1 (2.2), MaxSocks=32767, MaxUdp=65467
LogInit: Build: ++UE4+Release-4.20-CL-4369336
LogInit: Engine Version: 4.20.3-4369336+++UE4+Release-4.20
LogInit: Compatible Engine Version: 4.20.0-4212847+++UE4+Release-4.20
LogInit: Net CL: 4212847
LogInit: OS: Windows 10 (), CPU: Intel(R) Core(TM) i5-10600KF CPU @ 4.10GHz, GPU: NVIDIA GeForce RTX 3060
LogInit: Compiled (64-bit): Sep 17 2018 12:26:19
LogInit: Compiled with Visual C++: 19.13.26129.00
LogInit: Build Configuration: Development
LogInit: Branch Name: ++UE4+Release-4.20
LogInit: Command Line: -EpicPortal  -epicusername="20Patrycja200" -epicuserid=785537df732f4b0a931e61680141a575 -epiclocale=pl -epicsandboxid=ue
LogInit: Base Directory: D:/Epic/UE_4.20/Engine/Binaries/Win64/
LogInit: Installed Engine Build: 1
LogDevObjectVersion: Number of dev versions registered: 20
LogDevObjectVersion:   Dev-Blueprints (B0D832E4-1F89-4F0D-ACCF-7EB736FD4AA2): 10
LogDevObjectVersion:   Dev-Build (E1C64328-A22C-4D53-A36C-8E866417BD8C): 0
LogDevObjectVersion:   Dev-Core (375EC13C-06E4-48FB-B500-84F0262A717E): 2
LogDevObjectVersion:   Dev-Editor (E4B068ED-F494-42E9-A231-DA0B2E46BB41): 24
LogDevObjectVersion:   Dev-Framework (CFFC743F-43B0-4480-9391-14DF171D2073): 34
LogDevObjectVersion:   Dev-Mobile (B02B49B5-BB20-44E9-A304-32B752E40360): 2
LogDevObjectVersion:   Dev-Networking (A4E4105C-59A1-49B5-A7C5-40C4547EDFEE): 0
LogDevObjectVersion:   Dev-Online (39C831C9-5AE6-47DC-9A44-9C173E1C8E7C): 0
LogDevObjectVersion:   Dev-Physics (78F01B33-EBEA-4F98-B9B4-84EACCB95AA2): 0
LogDevObjectVersion:   Dev-Platform (6631380F-2D4D-43E0-8009-CF276956A95A): 0
LogDevObjectVersion:   Dev-Rendering (12F88B9F-8875-4AFC-A67C-D90C383ABD29): 26
LogDevObjectVersion:   Dev-Sequencer (7B5AE74C-D270-4C10-A958-57980B212A5A): 9
LogDevObjectVersion:   Dev-VR (D7296918-1DD6-4BDD-9DE2-64A83CC13884): 2
LogDevObjectVersion:   Dev-LoadTimes (C2A15278-BFE7-4AFE-6C17-90FF531DF755): 1
LogDevObjectVersion:   Private-Geometry (6EACA3D4-40EC-4CC1-B786-8BED09428FC5): 3
LogDevObjectVersion:   Dev-AnimPhys (29E575DD-E0A3-4627-9D10-D276232CDCEA): 17
LogDevObjectVersion:   Dev-ReflectionCapture (6B266CEC-1EC7-4B8F-A30B-E4D90942FC07): 1
LogDevObjectVersion:   Dev-Automation (0DF73D61-A23F-47EA-B727-89E90C41499A): 1
LogDevObjectVersion:   FortniteMain (601D1886-AC64-4F84-AA16-D3DE0DEAC7D6): 12
LogDevObjectVersion:   Dev-Enterprise (9DFFBCD6-494F-0158-E221-12823C92A888): 1
LogStreaming: Display: Took  0.000s to delete old logs.
LogInit: Presizing for max 8388607 objects, including 0 objects not considered by GC, pre-allocating 0 bytes for permanent pool.
LogInit: Object subsystem initialized
[2023.04.08-16.51.24:352][  0]LogInit: Selected Device Profile: [Windows]
[2023.04.08-16.51.24:352][  0]LogInit: Applying CVar settings loaded from the selected device profile: [Windows]
[2023.04.08-16.51.24:358][  0]LogHAL: Display: Platform has ~ 16 GB [17114869760 / 17179869184 / 16], which maps to Larger [LargestMinGB=32, LargerMinGB=12, DefaultMinGB=8, SmallerMinGB=6, SmallestMinGB=0)
[2023.04.08-16.51.24:358][  0]LogInit: Setting Device Profile CVar: [[r.Vulkan.UseRealUBs:1]]
[2023.04.08-16.51.24:358][  0]LogInit: Going up to parent DeviceProfile []
[2023.04.08-16.51.24:358][  0]LogInit: Computer: MICHAŁ
[2023.04.08-16.51.24:358][  0]LogInit: User: PC
[2023.04.08-16.51.24:358][  0]LogInit: CPU Page size=4096, Cores=6
[2023.04.08-16.51.24:358][  0]LogInit: High frequency timer resolution =10.000000 MHz
[2023.04.08-16.51.24:359][  0]LogMemory: Memory total: Physical=15.9GB (16GB approx)
[2023.04.08-16.51.24:359][  0]LogMemory: Platform Memory Stats for Windows
[2023.04.08-16.51.24:359][  0]LogMemory: Process Physical Memory: 104.36 MB used, 104.36 MB peak
[2023.04.08-16.51.24:359][  0]LogMemory: Process Virtual Memory: 85.88 MB used, 85.88 MB peak
[2023.04.08-16.51.24:359][  0]LogMemory: Physical Memory: 11514.57 MB used,  4807.44 MB free, 16322.01 MB total
[2023.04.08-16.51.24:359][  0]LogMemory: Virtual Memory: 4641.46 MB used,  4807.44 MB free, 134217728.00 MB total
[2023.04.08-16.51.24:390][  0]LogInit: Using OS detected language (pl-PL).
[2023.04.08-16.51.24:390][  0]LogInit: Using OS detected locale (pl-PL).
[2023.04.08-16.51.24:391][  0]LogTextLocalizationManager: No specific localization for 'pl-PL' exists, so the 'pl' localization will be used.
[2023.04.08-16.51.24:392][  0]LogStreaming: Display: Took  0.002s to InitEngineTextLocalization.
[2023.04.08-16.51.24:392][  0]LogInit: Setting process to per monitor DPI aware
[2023.04.08-16.51.24:415][  0]LogSlate: New Slate User Created.  User Index 0, Is Virtual User: 0
[2023.04.08-16.51.24:415][  0]LogSlate: Slate User Registered.  User Index 0, Is Virtual User: 0
[2023.04.08-16.51.24:557][  0]LogHMD: Failed to initialize OpenVR with code 110
[2023.04.08-16.51.24:557][  0]LogD3D11RHI: D3D11 adapters:
[2023.04.08-16.51.24:698][  0]LogD3D11RHI:    0. 'NVIDIA GeForce RTX 3060' (Feature Level 11_0)
[2023.04.08-16.51.24:698][  0]LogD3D11RHI:       12129/0/8161 MB DedicatedVideo/DedicatedSystem/SharedSystem, Outputs:2, VendorId:0x10de
[2023.04.08-16.51.24:699][  0]LogD3D11RHI:    1. 'Microsoft Basic Render Driver' (Feature Level 11_0)
[2023.04.08-16.51.24:699][  0]LogD3D11RHI:       0/0/8161 MB DedicatedVideo/DedicatedSystem/SharedSystem, Outputs:0, VendorId:0x1414
[2023.04.08-16.51.24:699][  0]LogD3D11RHI: Chosen D3D11 Adapter: 0
[2023.04.08-16.51.24:706][  0]LogD3D11RHI: Creating new Direct3DDevice
[2023.04.08-16.51.24:706][  0]LogD3D11RHI:     GPU DeviceId: 0x2503 (for the marketing name, search the web for "GPU Device Id")
[2023.04.08-16.51.24:706][  0]LogWindows: EnumDisplayDevices:
[2023.04.08-16.51.24:706][  0]LogWindows:    0. 'NVIDIA GeForce RTX 3060' (P:1 D:1)
[2023.04.08-16.51.24:706][  0]LogWindows:    1. 'NVIDIA GeForce RTX 3060' (P:0 D:1)
[2023.04.08-16.51.24:707][  0]LogWindows:    2. 'NVIDIA GeForce RTX 3060' (P:0 D:0)
[2023.04.08-16.51.24:707][  0]LogWindows:    3. 'NVIDIA GeForce RTX 3060' (P:0 D:0)
[2023.04.08-16.51.24:707][  0]LogWindows: DebugString: FoundDriverCount:4 
[2023.04.08-16.51.24:707][  0]LogD3D11RHI:     Adapter Name: NVIDIA GeForce RTX 3060
[2023.04.08-16.51.24:707][  0]LogD3D11RHI:   Driver Version: 531.29 (internal:31.0.15.3129, unified:531.29)
[2023.04.08-16.51.24:707][  0]LogD3D11RHI:      Driver Date: 3-8-2023
[2023.04.08-16.51.24:707][  0]LogRHI: Texture pool is 8490 MB (70% of 12129 MB)
[2023.04.08-16.51.24:790][  0]LogD3D11RHI: Async texture creation enabled
[2023.04.08-16.51.24:810][  0]LogD3D11RHI: GPU Timing Frequency: 1000.000000 (Debug: 2 2)
[2023.04.08-16.51.24:812][  0]LogShaderCompilers: Guid format shader working directory is -6 characters bigger than the processId version (C:/Users/PC/Documents/Unreal Projects/BallRunner/Intermediate/Shaders/WorkingDirectory/25620/).
[2023.04.08-16.51.24:812][  0]LogShaderCompilers: Cleaned the shader compiler working directory 'C:/Users/PC/AppData/Local/Temp/UnrealShaderWorkingDir/90E61D1F4C3E08BC8BA759A6FEF2695D/'.
[2023.04.08-16.51.24:996][  0]LogTemp: Display: Loaded TP AllDesktopTargetPlatform
[2023.04.08-16.51.25:005][  0]LogTemp: Display: Loaded TP MacClientTargetPlatform
[2023.04.08-16.51.25:014][  0]LogTemp: Display: Loaded TP MacNoEditorTargetPlatform
[2023.04.08-16.51.25:023][  0]LogTemp: Display: Loaded TP MacServerTargetPlatform
[2023.04.08-16.51.25:032][  0]LogTemp: Display: Loaded TP MacTargetPlatform
[2023.04.08-16.51.25:041][  0]LogTemp: Display: Loaded TP WindowsClientTargetPlatform
[2023.04.08-16.51.25:051][  0]LogTemp: Display: Loaded TP WindowsNoEditorTargetPlatform
[2023.04.08-16.51.25:060][  0]LogTemp: Display: Loaded TP WindowsServerTargetPlatform
[2023.04.08-16.51.25:063][  0]LogTemp: Display: Loaded TP WindowsTargetPlatform
[2023.04.08-16.51.25:122][  0]LogTemp: Display: Loaded TP AndroidTargetPlatform
[2023.04.08-16.51.25:122][  0]LogTemp: Display: Loaded TP AndroidTargetPlatform
[2023.04.08-16.51.25:122][  0]LogTemp: Display: Loaded TP AndroidTargetPlatform
[2023.04.08-16.51.25:122][  0]LogTemp: Display: Loaded TP AndroidTargetPlatform
[2023.04.08-16.51.25:122][  0]LogTemp: Display: Loaded TP AndroidTargetPlatform
[2023.04.08-16.51.25:122][  0]LogTemp: Display: Loaded TP AndroidTargetPlatform
[2023.04.08-16.51.25:122][  0]LogTemp: Display: Loaded TP AndroidTargetPlatform
[2023.04.08-16.51.25:122][  0]LogTemp: Display: Loaded TP AndroidTargetPlatform
[2023.04.08-16.51.25:122][  0]LogTemp: Display: Loaded TP AndroidTargetPlatform
[2023.04.08-16.51.25:122][  0]LogTemp: Display: Loaded TP AndroidTargetPlatform
[2023.04.08-16.51.25:122][  0]LogTemp: Display: Loaded TP AndroidTargetPlatform
[2023.04.08-16.51.25:122][  0]LogTemp: Display: Loaded TP AndroidTargetPlatform
[2023.04.08-16.51.25:122][  0]LogTemp: Display: Loaded TP AndroidTargetPlatform
[2023.04.08-16.51.25:122][  0]LogTemp: Display: Loaded TP AndroidTargetPlatform
[2023.04.08-16.51.25:122][  0]LogTemp: Display: Loaded TP AndroidTargetPlatform
[2023.04.08-16.51.25:122][  0]LogTemp: Display: Loaded TP AndroidTargetPlatform
[2023.04.08-16.51.25:122][  0]LogTemp: Display: Loaded TP AndroidTargetPlatform
[2023.04.08-16.51.25:122][  0]LogTemp: Display: Loaded TP AndroidTargetPlatform
[2023.04.08-16.51.25:123][  0]LogTemp: Display: Loaded TP HTML5TargetPlatform
[2023.04.08-16.51.25:174][  0]LogTemp: Display: Loaded TP IOSTargetPlatform
[2023.04.08-16.51.25:174][  0]LogTemp: Display: Loaded TP IOSTargetPlatform
[2023.04.08-16.51.25:190][  0]LogTemp: Display: Loaded TP TVOSTargetPlatform
[2023.04.08-16.51.25:191][  0]LogTemp: Display: Loaded TP TVOSTargetPlatform
[2023.04.08-16.51.25:200][  0]LogTemp: Display: Loaded TP LinuxClientTargetPlatform
[2023.04.08-16.51.25:208][  0]LogTemp: Display: Loaded TP LinuxNoEditorTargetPlatform
[2023.04.08-16.51.25:217][  0]LogTemp: Display: Loaded TP LinuxServerTargetPlatform
[2023.04.08-16.51.25:226][  0]LogTemp: Display: Loaded TP LinuxTargetPlatform
[2023.04.08-16.51.25:232][  0]LogTemp: Display: Loaded TP LuminTargetPlatform
[2023.04.08-16.51.25:233][  0]LogTargetPlatformManager: Display: Building Assets For Windows
[2023.04.08-16.51.25:261][  0]LogXGEController: Cannot use XGE Controller as Incredibuild is not installed on this machine.
[2023.04.08-16.51.25:262][  0]LogShaderCompilers: Cannot use XGE Shader Compiler as Incredibuild is not installed on this machine.
[2023.04.08-16.51.25:262][  0]LogShaderCompilers: Display: Using Local Shader Compiler.
[2023.04.08-16.51.25:798][  0]LogDerivedDataCache: Display: Max Cache Size: 512 MB
[2023.04.08-16.51.25:837][  0]LogDerivedDataCache: Loaded boot cache 0.04s 71MB C:/Users/PC/AppData/Local/UnrealEngine/4.20/DerivedDataCache/Boot.ddc.
[2023.04.08-16.51.25:837][  0]LogDerivedDataCache: Display: Loaded Boot cache: C:/Users/PC/AppData/Local/UnrealEngine/4.20/DerivedDataCache/Boot.ddc
[2023.04.08-16.51.25:837][  0]LogDerivedDataCache: FDerivedDataBackendGraph:  Pak pak cache file C:/Users/PC/Documents/Unreal Projects/BallRunner/DerivedDataCache/DDC.ddp not found, will not use a pak cache.
[2023.04.08-16.51.25:837][  0]LogDerivedDataCache: Unable to find inner node Pak for hierarchical cache Hierarchy.
[2023.04.08-16.51.25:837][  0]LogDerivedDataCache: FDerivedDataBackendGraph:  CompressedPak pak cache file C:/Users/PC/Documents/Unreal Projects/BallRunner/DerivedDataCache/Compressed.ddp not found, will not use a pak cache.
[2023.04.08-16.51.25:837][  0]LogDerivedDataCache: Unable to find inner node CompressedPak for hierarchical cache Hierarchy.
[2023.04.08-16.51.25:847][  0]LogDerivedDataCache: Display: Pak cache opened for reading ../../../Engine/DerivedDataCache/Compressed.ddp.
[2023.04.08-16.51.25:860][  0]LogDerivedDataCache: Using Local data cache path C:/Users/PC/AppData/Local/UnrealEngine/Common/DerivedDataCache: Writable
[2023.04.08-16.51.25:860][  0]LogDerivedDataCache: Shared data cache path not found in *engine.ini, will not use an Shared cache.
[2023.04.08-16.51.25:860][  0]LogDerivedDataCache: Unable to find inner node Shared for hierarchical cache Hierarchy.
[2023.04.08-16.51.25:873][  0]LogMaterial: Verifying Global Shaders for PCD3D_SM5
[2023.04.08-16.51.25:874][  0]LogSlate: Using FreeType 2.6.0
[2023.04.08-16.51.25:875][  0]LogSlate: SlateFontServices - WITH_FREETYPE: 1, WITH_HARFBUZZ: 1
[2023.04.08-16.51.25:932][  0]LogAssetRegistry: FAssetRegistry took 0.0243 seconds to start up
[2023.04.08-16.51.26:153][  0]LogInit: Selected Device Profile: [Windows]
[2023.04.08-16.51.26:238][  0]LogSimplygon: Simplygon DLL not present - disabling.
[2023.04.08-16.51.26:239][  0]LogMeshReduction: Using SimplygonSwarm for distributed automatic mesh merging
[2023.04.08-16.51.26:239][  0]LogMeshReduction: Using ProxyLODMeshReduction for automatic mesh merging
[2023.04.08-16.51.26:239][  0]LogMeshReduction: Using QuadricMeshReduction for automatic static mesh reduction
[2023.04.08-16.51.26:239][  0]LogMeshReduction: No automatic skeletal mesh reduction module available
[2023.04.08-16.51.26:249][  0]LogNetVersion: BallRunner 1.0.0, NetCL: 4212847, EngineNetVer: 5, GameNetVer: 0 (Checksum: 346235534)
[2023.04.08-16.51.26:577][  0]LogPackageLocalizationCache: Processed 11 localized package path(s) for 2 prioritized culture(s) in 0.070935 seconds
[2023.04.08-16.51.26:582][  0]LogUObjectArray: 38425 objects as part of root set at end of initial load.
[2023.04.08-16.51.26:582][  0]LogUObjectAllocator: 6690864 out of 0 bytes used by permanent object pool.
[2023.04.08-16.51.26:582][  0]LogUObjectArray: CloseDisregardForGC: 0/0 objects in disregard for GC pool
[2023.04.08-16.51.27:141][  0]LogTcpMessaging: Initializing TcpMessaging bridge
[2023.04.08-16.51.27:153][  0]LogUdpMessaging: Initializing bridge on interface 0.0.0.0:0 to multicast group 230.0.0.1:6666.
[2023.04.08-16.51.27:262][  0]SourceControl: Source control is disabled
[2023.04.08-16.51.27:262][  0]SourceControl: Source control is disabled
[2023.04.08-16.51.27:263][  0]SourceControl: Source control is disabled
[2023.04.08-16.51.27:263][  0]SourceControl: Source control is disabled
[2023.04.08-16.51.27:393][  0]LogAndroidPermission: UAndroidPermissionCallbackProxy::GetInstance
[2023.04.08-16.51.27:466][  0]LogOcInput: OculusInput pre-init called
[2023.04.08-16.51.27:508][  0]LogEngine: Initializing Engine...
[2023.04.08-16.51.27:509][  0]LogHMD: Failed to initialize OpenVR with code 110
[2023.04.08-16.51.27:510][  0]LogStats: UGameplayTagsManager::ConstructGameplayTagTree: ImportINI prefixes -  0.000 s
[2023.04.08-16.51.27:510][  0]LogStats: UGameplayTagsManager::ConstructGameplayTagTree: Construct from data asset -  0.000 s
[2023.04.08-16.51.27:510][  0]LogStats: UGameplayTagsManager::ConstructGameplayTagTree: ImportINI -  0.000 s
[2023.04.08-16.51.27:510][  0]LogStats: UGameplayTagsManager::ConstructGameplayTagTree: GameplayTagTreeChangedEvent.Broadcast -  0.000 s
[2023.04.08-16.51.27:647][  0]LogInit: Initializing FReadOnlyCVARCache
[2023.04.08-16.51.27:653][  0]LogAIModule: Creating AISystem for world Untitled
[2023.04.08-16.51.27:688][  0]LogInit: XAudio2 using 'Realtek HD Audio 2nd output (Realtek(R) Audio)' : 2 channels at 48 kHz using 32 bits per sample (channel mask 0x3)
[2023.04.08-16.51.27:704][  0]LogInit: FAudioDevice initialized.
[2023.04.08-16.51.27:704][  0]LogNetVersion: Set ProjectVersion to 1.0.0.0. Version Checksum will be recalculated on next use.
[2023.04.08-16.51.27:737][  0]LogDerivedDataCache: Saved boot cache 0.03s 71MB C:/Users/PC/AppData/Local/UnrealEngine/4.20/DerivedDataCache/Boot.ddc.
[2023.04.08-16.51.27:742][  0]LogInit: Texture streaming: Enabled
[2023.04.08-16.51.27:750][  0]LogEngineSessionManager: EngineSessionManager initialized
[2023.04.08-16.51.27:758][  0]LogInit: Transaction tracking system initialized
[2023.04.08-16.51.27:767][  0]BlueprintLog: New page: Editor Load
[2023.04.08-16.51.27:803][  0]LocalizationService: Localization service is disabled
[2023.04.08-16.51.27:971][  0]LogCook: Display: Max memory allowance for cook 16384mb min free memory 0mb
[2023.04.08-16.51.27:971][  0]LogCook: Display: Mobile HDR setting 1
[2023.04.08-16.51.27:971][  0]LogGameplayTags: Display: UGameplayTagsManager::DoneAddingNativeTags. DelegateIsBound: 0
[2023.04.08-16.51.27:971][  0]LogStats: UGameplayTagsManager::ConstructGameplayTagTree: ImportINI prefixes -  0.000 s
[2023.04.08-16.51.27:971][  0]LogStats: UGameplayTagsManager::ConstructGameplayTagTree: Construct from data asset -  0.000 s
[2023.04.08-16.51.27:971][  0]LogStats: UGameplayTagsManager::ConstructGameplayTagTree: ImportINI -  0.000 s
[2023.04.08-16.51.27:971][  0]LogStats: UGameplayTagsManager::ConstructGameplayTagTree: GameplayTagTreeChangedEvent.Broadcast -  0.000 s
[2023.04.08-16.51.27:975][  0]LogFileCache: Scanning file cache for directory 'C:/Users/PC/Documents/Unreal Projects/BallRunner/Content/' took 0.01s
[2023.04.08-16.51.28:032][  0]SourceControl: Source control is disabled
[2023.04.08-16.51.28:032][  0]Cmd: MAP LOAD FILE="C:/Users/PC/Documents/Unreal Projects/BallRunner/Content/Levels/Level1.umap" TEMPLATE=0 SHOWPROGRESS=1 FEATURELEVEL=3
[2023.04.08-16.51.28:032][  0]LightingResults: New page: Lighting Build
[2023.04.08-16.51.28:033][  0]MapCheck: New page: Map Check
[2023.04.08-16.51.28:033][  0]LightingResults: New page: Lighting Build
[2023.04.08-16.51.28:057][  0]LogAIModule: Creating AISystem for world Level1
[2023.04.08-16.51.28:057][  0]LogEditorServer: Finished looking for orphan Actors (0.000 secs)
[2023.04.08-16.51.28:076][  0]Cmd: MAP CHECKDEP NOCLEARLOG
[2023.04.08-16.51.28:106][  0]MapCheck: Map check complete: 0 Error(s), 0 Warning(s), took 29,848ms to complete.
[2023.04.08-16.51.28:106][  0]LogFileHelpers: Loading map 'Level1' took 0.074
[2023.04.08-16.51.28:193][  0]LogSlate: Updating window title bar state: overlay mode, drag disabled, window buttons hidden, title bar hidden
[2023.04.08-16.51.28:199][  0]LogSlate: Updating window title bar state: overlay mode, drag disabled, window buttons hidden, title bar hidden
[2023.04.08-16.51.28:204][  0]LogSlate: Updating window title bar state: overlay mode, drag disabled, window buttons hidden, title bar hidden
[2023.04.08-16.51.28:209][  0]LogSlate: Updating window title bar state: overlay mode, drag disabled, window buttons hidden, title bar hidden
[2023.04.08-16.51.28:212][  0]LogCollectionManager: Loaded 0 collections in 0.000591 seconds
[2023.04.08-16.51.28:251][  0]LogFileCache: Scanning file cache for directory 'C:/Users/PC/Documents/Unreal Projects/BallRunner/Saved/Collections/' took 0.01s
[2023.04.08-16.51.28:251][  0]LogFileCache: Scanning file cache for directory 'C:/Users/PC/Documents/Unreal Projects/BallRunner/Content/Developers/PC/Collections/' took 0.01s
[2023.04.08-16.51.28:251][  0]LogFileCache: Scanning file cache for directory 'C:/Users/PC/Documents/Unreal Projects/BallRunner/Content/Collections/' took 0.01s
[2023.04.08-16.51.28:251][  0]LogCollectionManager: Rebuilt the GUID cache for 0 collections in 0.000000 seconds
[2023.04.08-16.51.28:258][  0]LogContentBrowser: Native class hierarchy populated in 0.0065 seconds. Added 2572 classes and 603 folders.
[2023.04.08-16.51.28:261][  0]LogContentBrowser: Native class hierarchy updated for 'WidgetCarousel' in 0.0002 seconds. Added 0 classes and 0 folders.
[2023.04.08-16.51.28:287][  0]LogContentBrowser: Native class hierarchy updated for 'AddContentDialog' in 0.0002 seconds. Added 0 classes and 0 folders.
[2023.04.08-16.51.28:290][  0]LogContentBrowser: Native class hierarchy updated for 'SceneOutliner' in 0.0002 seconds. Added 1 classes and 2 folders.
[2023.04.08-16.51.28:301][  0]LogSlate: Took 0.000162 seconds to synchronously load lazily loaded font '../../../Engine/Content/Slate/Fonts/Roboto-Regular.ttf' (155K)
[2023.04.08-16.51.28:302][  0]LogSlate: Took 0.000144 seconds to synchronously load lazily loaded font '../../../Engine/Content/Slate/Fonts/Roboto-Bold.ttf' (160K)
[2023.04.08-16.51.28:305][  0]LogSlate: Took 0.000146 seconds to synchronously load lazily loaded font '../../../Engine/Content/Editor/Slate/Fonts/FontAwesome.ttf' (139K)
[2023.04.08-16.51.28:359][  0]LogRenderer: Reallocating scene render targets to support 1208x576 Format 10 NumSamples 1 (Frame:1).
[2023.04.08-16.51.28:419][  0]LogSlate: FSceneViewport::OnFocusLost() reason 2
[2023.04.08-16.51.28:430][  0]LogSlate: Window 'Tutorials' being destroyed
[2023.04.08-16.51.28:457][  0]LogContentBrowser: Native class hierarchy updated for 'HierarchicalLODOutliner' in 0.0002 seconds. Added 0 classes and 0 folders.
[2023.04.08-16.51.28:457][  0]LogLoad: (Engine Initialization) Total time: 5.64 seconds
[2023.04.08-16.51.28:457][  0]LogLoad: (Engine Initialization) Total Blueprint compile time: 0.00 seconds
[2023.04.08-16.51.28:482][  0]LogAssetRegistry: Asset discovery search completed in 2.5710 seconds
[2023.04.08-16.51.28:483][  0]LogCollectionManager: Rebuilt the object cache for 0 collections in 0.000000 seconds (found 0 objects)
[2023.04.08-16.51.28:483][  0]LogCollectionManager: Fixed up redirectors for 0 collections in 0.000044 seconds (updated 0 objects)
[2023.04.08-16.51.28:484][  0]LogContentStreaming: Texture pool size now 1000 MB
[2023.04.08-16.51.28:495][  0]LogSlate: Took 0.000169 seconds to synchronously load lazily loaded font '../../../Engine/Content/Slate/Fonts/Roboto-Light.ttf' (167K)
[2023.04.08-16.51.32:123][394]LogEditorViewport: Clicking Background
[2023.04.08-16.51.34:191][642]LogSlate: FSceneViewport::OnFocusLost() reason 0
[2023.04.08-16.51.34:269][648]LogRenderer: Reallocating scene render targets to support 1208x580 Format 10 NumSamples 1 (Frame:653).
[2023.04.08-16.51.34:303][649]LogRenderer: Reallocating scene render targets to support 1208x632 Format 10 NumSamples 1 (Frame:655).
[2023.04.08-16.51.34:336][650]LogRenderer: Reallocating scene render targets to support 1208x708 Format 10 NumSamples 1 (Frame:657).
[2023.04.08-16.51.34:370][651]LogRenderer: Reallocating scene render targets to support 1208x740 Format 10 NumSamples 1 (Frame:659).
[2023.04.08-16.51.34:404][652]LogRenderer: Reallocating scene render targets to support 1208x752 Format 10 NumSamples 1 (Frame:661).
[2023.04.08-16.51.34:440][653]LogRenderer: Reallocating scene render targets to support 1208x756 Format 10 NumSamples 1 (Frame:663).
[2023.04.08-16.51.34:666][674]LogRenderer: Reallocating scene render targets to support 1208x760 Format 10 NumSamples 1 (Frame:667).
[2023.04.08-16.51.34:699][675]LogRenderer: Reallocating scene render targets to support 1208x776 Format 10 NumSamples 1 (Frame:669).
[2023.04.08-16.51.34:733][676]LogRenderer: Reallocating scene render targets to support 1208x780 Format 10 NumSamples 1 (Frame:671).
[2023.04.08-16.51.34:767][677]LogRenderer: Reallocating scene render targets to support 1208x784 Format 10 NumSamples 1 (Frame:673).
[2023.04.08-16.51.37:791][989]LogRenderer: Reallocating scene render targets to support 1212x784 Format 10 NumSamples 1 (Frame:942).
[2023.04.08-16.51.37:826][990]LogRenderer: Reallocating scene render targets to support 1236x784 Format 10 NumSamples 1 (Frame:944).
[2023.04.08-16.51.37:862][991]LogRenderer: Reallocating scene render targets to support 1264x784 Format 10 NumSamples 1 (Frame:946).
[2023.04.08-16.51.37:896][992]LogRenderer: Reallocating scene render targets to support 1288x784 Format 10 NumSamples 1 (Frame:948).
[2023.04.08-16.51.37:931][993]LogRenderer: Reallocating scene render targets to support 1304x784 Format 10 NumSamples 1 (Frame:950).
[2023.04.08-16.51.37:966][994]LogRenderer: Reallocating scene render targets to support 1312x784 Format 10 NumSamples 1 (Frame:952).
[2023.04.08-16.51.38:001][995]LogRenderer: Reallocating scene render targets to support 1320x784 Format 10 NumSamples 1 (Frame:954).
[2023.04.08-16.51.38:036][996]LogRenderer: Reallocating scene render targets to support 1324x784 Format 10 NumSamples 1 (Frame:956).
[2023.04.08-16.51.38:070][997]LogRenderer: Reallocating scene render targets to support 1328x784 Format 10 NumSamples 1 (Frame:958).
[2023.04.08-16.51.38:103][998]LogRenderer: Reallocating scene render targets to support 1336x784 Format 10 NumSamples 1 (Frame:960).
[2023.04.08-16.51.38:137][999]LogRenderer: Reallocating scene render targets to support 1340x784 Format 10 NumSamples 1 (Frame:962).
[2023.04.08-16.51.41:834][439]LogSlate: FSceneViewport::OnFocusLost() reason 0
[2023.04.08-16.51.41:915][446]LogRenderer: Reallocating scene render targets to support 1344x784 Format 10 NumSamples 1 (Frame:1358).
[2023.04.08-16.51.41:949][446]LogRenderer: Reallocating scene render targets to support 1356x784 Format 10 NumSamples 1 (Frame:1360).
[2023.04.08-16.51.41:998][448]LogRenderer: Reallocating scene render targets to support 1376x784 Format 10 NumSamples 1 (Frame:1362).
[2023.04.08-16.51.42:040][449]LogRenderer: Reallocating scene render targets to support 1384x784 Format 10 NumSamples 1 (Frame:1364).
[2023.04.08-16.51.42:074][450]LogRenderer: Reallocating scene render targets to support 1388x784 Format 10 NumSamples 1 (Frame:1366).
[2023.04.08-16.51.55:424][ 34]Cmd: BRUSH ADD SELECTNEWBRUSH
[2023.04.08-16.52.44:903][953]LogSlate: FSceneViewport::OnFocusLost() reason 2
[2023.04.08-16.52.48:259][355]LogSlate: FSceneViewport::OnFocusLost() reason 2
[2023.04.08-16.52.48:807][420]LogSlate: FSceneViewport::OnFocusLost() reason 2
[2023.04.08-16.53.34:589][906]Cmd: TRANSACTION UNDO
[2023.04.08-16.53.34:589][906]LogEditorTransaction: Undo Move Actors
[2023.04.08-16.53.34:621][906]LogSlate: Took 0.000185 seconds to synchronously load lazily loaded font '../../../Engine/Content/Slate/Fonts/Roboto-Light.ttf' (167K)
[2023.04.08-16.53.42:094][800]LogSlate: FSceneViewport::OnFocusLost() reason 0
[2023.04.08-16.53.43:560][975]LogEditorViewport: Clicking Background
[2023.04.08-16.53.44:279][ 61]LogEditorViewport: Clicking Background
[2023.04.08-16.54.00:792][ 35]LogSlate: FSceneViewport::OnFocusLost() reason 0
[2023.04.08-16.54.06:705][743]Cmd: CAMERA ALIGN ACTIVEVIEWPORTONLY
[2023.04.08-16.54.29:023][931]LogSlate: FSceneViewport::OnFocusLost() reason 0
[2023.04.08-16.55.32:317][672]LogEditorViewport: Clicking on Actor (LMB): Brush (Box Brush)
[2023.04.08-16.55.32:814][729]LogEditorViewport: Clicking on Actor (LMB): Brush (Box Brush)
[2023.04.08-16.55.32:888][735]LogEditorViewport: Clicking on Actor (double click): Brush (Box Brush)
[2023.04.08-16.55.44:963][157]Cmd: DUPLICATE
[2023.04.08-16.55.44:963][157]Cmd: ACTOR DUPLICATE
[2023.04.08-16.55.51:003][864]Cmd: ACTOR SELECT ALL
[2023.04.08-16.55.58:962][501]LogEditorViewport: Clicking Background
[2023.04.08-16.55.59:043][506]Cmd: TRANSACTION UNDO
[2023.04.08-16.55.59:043][506]LogEditorTransaction: Undo Clicking Background
[2023.04.08-16.55.59:494][556]Cmd: TRANSACTION UNDO
[2023.04.08-16.55.59:494][556]LogEditorTransaction: Undo Select All
[2023.04.08-16.56.00:182][637]Cmd: TRANSACTION UNDO
[2023.04.08-16.56.00:182][637]LogEditorTransaction: Undo Clicking on Actors
[2023.04.08-16.56.00:562][681]Cmd: TRANSACTION UNDO
[2023.04.08-16.56.00:562][681]LogEditorTransaction: Undo Select Brush Surface
[2023.04.08-16.56.01:102][744]Cmd: TRANSACTION UNDO
[2023.04.08-16.56.01:102][744]LogEditorTransaction: Undo Duplicate Actors
[2023.04.08-16.56.01:688][812]LogEditorViewport: Clicking Background
[2023.04.08-16.56.02:140][866]Cmd: TRANSACTION UNDO
[2023.04.08-16.56.02:140][866]LogEditorTransaction: Undo Clicking Background
[2023.04.08-16.56.02:628][923]LogEditorViewport: Clicking Background
[2023.04.08-16.56.07:986][562]Cmd: TRANSACTION UNDO
[2023.04.08-16.56.07:986][562]LogEditorTransaction: Undo Select Brush Surface
[2023.04.08-16.56.08:367][607]Cmd: TRANSACTION UNDO
[2023.04.08-16.56.08:367][607]LogEditorTransaction: Undo Clicking Background
[2023.04.08-16.56.08:806][658]Cmd: TRANSACTION UNDO
[2023.04.08-16.56.08:806][658]LogEditorTransaction: Undo Move Actors
[2023.04.08-16.56.09:273][712]Cmd: TRANSACTION UNDO
[2023.04.08-16.56.09:273][712]LogEditorTransaction: Undo Select Brush Surface
[2023.04.08-16.56.09:679][759]Cmd: TRANSACTION UNDO
[2023.04.08-16.56.09:679][759]LogEditorTransaction: Undo Clicking on Actors
[2023.04.08-16.56.10:150][814]Cmd: TRANSACTION UNDO
[2023.04.08-16.56.10:150][814]LogEditorTransaction: Undo Select Brush Surface
[2023.04.08-16.56.11:055][921]Cmd: TRANSACTION UNDO
[2023.04.08-16.56.11:055][921]LogEditorTransaction: Undo Select Brush Surface
[2023.04.08-16.56.11:453][967]Cmd: TRANSACTION UNDO
[2023.04.08-16.56.11:453][967]LogEditorTransaction: Undo Clicking on Actors
[2023.04.08-16.56.11:951][ 25]LogEditorViewport: Clicking Background
[2023.04.08-16.56.14:619][338]Cmd: ACTOR SELECT ALL
[2023.04.08-16.56.19:903][531]LogSlate: FSceneViewport::OnFocusLost() reason 2
[2023.04.08-16.56.20:722][629]LogEditorViewport: Clicking Background
[2023.04.08-16.56.28:090][921]LogSlate: FSceneViewport::OnFocusLost() reason 0
[2023.04.08-16.56.32:127][401]LogEditorViewport: Clicking on Actor (context menu): Brush (Box Brush)
[2023.04.08-16.56.32:148][401]LogSlate: FSceneViewport::OnFocusLost() reason 2
[2023.04.08-16.56.46:278][ 89]LogEditorViewport: Clicking on Actor (LMB): Brush (Box Brush)
[2023.04.08-16.56.48:696][376]Cmd: TRANSACTION UNDO
[2023.04.08-16.56.48:696][376]LogEditorTransaction: Undo Move Actors
[2023.04.08-16.56.52:707][855]LogSlate: FSceneViewport::OnFocusLost() reason 0
[2023.04.08-16.57.20:433][536]LogEditorViewport: Clicking Background
[2023.04.08-16.57.31:660][736]LogSlate: FSceneViewport::OnFocusLost() reason 2
[2023.04.08-16.57.34:317][ 50]LogEditorViewport: Clicking Background
[2023.04.08-16.57.36:312][281]Cmd: TRANSACTION UNDO
[2023.04.08-16.57.36:312][281]LogEditorTransaction: Undo Move Actors
[2023.04.08-16.57.36:316][281]LogActorComponent: RegisterComponentWithWorld: (/Game/Levels/Level1.Level1:PersistentLevel.BoxBrush_3.BrushComponent0) Trying to register component with IsPendingKill() == true. Aborting.
[2023.04.08-16.57.43:342][119]LogSlate: FSceneViewport::OnFocusLost() reason 0
[2023.04.08-16.57.46:231][465]LogGeometryMode: Warning: Unable to find 1 Poly(s) in new BSP
[2023.04.08-16.57.46:231][465]LogGeometryMode: Warning: Unable to resolve BoxBrush Brush in new BSP, see above
[2023.04.08-16.57.46:231][465]LogGeometryMode: Warning: Unable to find all previously selected geometry data, resetting selection
[2023.04.08-16.57.53:967][389]LogSlate: FSceneViewport::OnFocusLost() reason 0
[2023.04.08-16.58.12:544][603]LogEditorViewport: Clicking Background
[2023.04.08-16.58.22:540][674]LogSlate: FSceneViewport::OnFocusLost() reason 2
[2023.04.08-16.58.23:190][748]LogEditorViewport: Clicking Background
[2023.04.08-16.58.39:869][424]LogEditorViewport: Clicking Background
[2023.04.08-16.58.44:407][957]LogEditorViewport: Clicking Background
[2023.04.08-16.59.02:516][104]LogSlate: FSceneViewport::OnFocusLost() reason 0
[2023.04.08-16.59.17:206][494]LogEditorViewport: Clicking Background
[2023.04.08-16.59.21:444][924]LogEditorViewport: Clicking Background
[2023.04.08-16.59.31:766][144]LogEditorViewport: Clicking Background
[2023.04.08-16.59.39:032][ 10]LogEditorViewport: Clicking Background
[2023.04.08-16.59.43:363][ 76]LogSlate: FSceneViewport::OnFocusLost() reason 0
[2023.04.08-16.59.48:634][576]LogSlate: FSceneViewport::OnFocusLost() reason 0
[2023.04.08-16.59.51:427][784]Cmd: BRUSH ADD SELECTNEWBRUSH
[2023.04.08-16.59.51:930][842]Cmd: ACTOR SELECT ALL
[2023.04.08-16.59.55:523][266]LogSlate: FSceneViewport::OnFocusLost() reason 0
[2023.04.08-17.00.08:418][675]Cmd: TRANSACTION UNDO
[2023.04.08-17.00.08:418][675]LogEditorTransaction: Undo Move Actors
[2023.04.08-17.00.13:349][903]LogSlate: FSceneViewport::OnFocusLost() reason 0
[2023.04.08-17.00.24:816][600]LogEditorViewport: Clicking Background
[2023.04.08-17.00.35:796][128]LogSlate: FSceneViewport::OnFocusLost() reason 2
[2023.04.08-17.00.38:954][502]LogSlate: FSceneViewport::OnFocusLost() reason 0
[2023.04.08-17.00.42:648][942]Cmd: TRANSACTION UNDO
[2023.04.08-17.00.42:648][942]LogEditorTransaction: Undo Move Actors
[2023.04.08-17.00.44:163][  2]LogEditorViewport: Clicking Background
[2023.04.08-17.00.55:448][ 66]LogEditorViewport: Clicking Background
[2023.04.08-17.01.05:737][284]LogEditorViewport: Clicking Background
[2023.04.08-17.01.31:372][240]LogEditorViewport: Clicking Background
[2023.04.08-17.01.37:543][812]LogSlate: FSceneViewport::OnFocusLost() reason 2
[2023.04.08-17.01.38:425][917]LogEditorViewport: Clicking Background
[2023.04.08-17.01.44:696][584]Cmd: OBJ SAVEPACKAGE PACKAGE="/Game/Levels/Level1" FILE="C:/Users/PC/Documents/Unreal Projects/BallRunner/Saved/Autosaves/Game/Levels/Level1_Auto1.umap" SILENT=true AUTOSAVING=true KEEPDIRTY=false
[2023.04.08-17.01.44:755][584]LogSavePackage: Moving 'C:/Users/PC/Documents/Unreal Projects/BallRunner/Saved/Level1_Auto1FF3D8332481B4961BDB3EEB0EEF1717B.tmp' to 'C:/Users/PC/Documents/Unreal Projects/BallRunner/Saved/Autosaves/Game/Levels/Level1_Auto1.umap'
[2023.04.08-17.01.44:759][584]LogFileHelpers: Editor autosave (incl. sublevels) for '/Game/Levels/Level1' took 0.087
[2023.04.08-17.01.44:759][584]LogFileHelpers: Editor autosave (incl. sublevels) for all levels took 0.087
[2023.04.08-17.01.48:918][597]LogSlate: FSceneViewport::OnFocusLost() reason 2
[2023.04.08-17.02.24:654][163]LogEditorViewport: Clicking Background
[2023.04.08-17.02.28:008][565]LogSlate: FSceneViewport::OnFocusLost() reason 0
[2023.04.08-17.02.38:684][844]LogSlate: FSceneViewport::OnFocusLost() reason 0
[2023.04.08-17.02.48:421][984]LogSlate: FSceneViewport::OnFocusLost() reason 0
[2023.04.08-17.02.59:894][357]LogSlate: FSceneViewport::OnFocusLost() reason 2
[2023.04.08-17.03.02:550][657]LogEditorViewport: Clicking on Actor (LMB): DirectionalLight (DirectionalLight)
[2023.04.08-17.03.03:686][789]LogSlate: FSceneViewport::OnFocusLost() reason 0
[2023.04.08-17.03.16:142][274]LogSlate: FSceneViewport::OnFocusLost() reason 2
[2023.04.08-17.03.17:827][476]LogSlate: FSceneViewport::OnFocusLost() reason 2
[2023.04.08-17.03.18:409][476]LogSlate: Only BGRA pngs, bmps or icos are supported in by External Image Picker
[2023.04.08-17.03.18:456][476]LogTemp: Executing iPhonePackager certificates Engine -bundlename com.YourCompany.BallRunner
[2023.04.08-17.03.18:456][476]LogTemp: CWD: D:\Epic\UE_4.20\Engine\Binaries\DotNET\IOS
[2023.04.08-17.03.18:456][476]LogTemp: Initial Dir: D:\Epic\UE_4.20
[2023.04.08-17.03.18:456][476]LogTemp: Env CWD: D:\Epic\UE_4.20\Engine\Binaries\DotNET\IOS
[2023.04.08-17.03.18:458][476]LogTemp: BranchPath = MICHA?/D/Epic/UE_4.20/Engine/Binaries --- GameBranchPath = MICHA?/D/Epic/UE_4.20/Engine/Binaries
[2023.04.08-17.03.18:466][476]LogTemp: IPP ERROR: Could not find provision directory 'C:\Users\PC\AppData\Local/Apple Computer/MobileDevice/Provisioning Profiles/'.
[2023.04.08-17.03.36:853][ 37]LogSlate: Window 'Project Settings' being destroyed
[2023.04.08-17.03.36:858][ 37]LogSlate: Window 'Project Settings' being destroyed
[2023.04.08-17.03.38:059][164]LogSlate: FSceneViewport::OnFocusLost() reason 0
[2023.04.08-17.03.40:452][451]LogEditorViewport: Clicking Background
[2023.04.08-17.03.46:172][136]LogEditorViewport: Clicking on Actor (LMB): DirectionalLight (DirectionalLight)
[2023.04.08-17.04.04:044][379]LogSlate: FSceneViewport::OnFocusLost() reason 0
[2023.04.08-17.06.49:418][976]LogSlate: FSceneViewport::OnFocusLost() reason 2
[2023.04.08-17.06.59:851][227]MapCheck: New page: Map Check
[2023.04.08-17.06.59:871][227]LogSlate: FSceneViewport::OnFocusLost() reason 2
[2023.04.08-17.06.59:873][227]Cmd: MAP REBUILD ALLVISIBLE
[2023.04.08-17.06.59:874][227]LogEditorServer: Rebuildmap Clear paths rebuilt
[2023.04.08-17.06.59:893][227]LightingResults: New page: Lighting Build - 8 kwi 2023, 21:06:59
[2023.04.08-17.06.59:939][227]LogSwarmInterface: [OpenConnection] Registering TCP channel ...
[2023.04.08-17.06.59:990][227]LogSwarmInterface: [OpenConnection] Connecting to agent ...
[2023.04.08-17.07.00:001][227]LogSwarmInterface: [TryOpenConnection] Testing the Agent
[2023.04.08-17.07.01:028][227]LogSwarmInterface: [TryOpenConnection] Opening Connection to Agent
[2023.04.08-17.07.01:028][227]LogSwarmInterface: [TryOpenConnection] Local Process ID is 25620
[2023.04.08-17.07.07:671][227]LogStaticLightingSystem: Warning: No importance volume found, so the scene bounding box was used.  You can optimize your scene's quality and lighting build times by adding importance volumes.
[2023.04.08-17.07.07:671][227]LogStaticLightingSystem: Running Lightmass w/ ImmediateImport mode ENABLED
[2023.04.08-17.07.07:671][227]LogStaticLightingSystem: Running Lightmass w/ ImmediateProcess mode ENABLED
[2023.04.08-17.07.07:671][227]LogStaticLightingSystem: Running Lightmass w/ Sorting mode ENABLED
[2023.04.08-17.07.07:671][227]LogStaticLightingSystem: Running Lightmass w/ Mapping paddings ENABLED
[2023.04.08-17.07.07:671][227]LogStaticLightingSystem: Running Lightmass w/ Mapping debug paddings DISABLED
[2023.04.08-17.07.07:802][227]LogEditorBuildUtils: Build time 0:07
[2023.04.08-17.07.07:812][227]LogMaterial: Display: Missing cached shader map for material FLightmassMaterialRenderer WorldGridMaterial, compiling. Is special engine material.
[2023.04.08-17.07.07:836][227]LogMaterial: Display: Missing cached shader map for material FLightmassMaterialRenderer WorldGridMaterial, compiling. Is special engine material.
[2023.04.08-17.07.07:846][228]LogShaderCompilers: Display: Shaders left to compile 4
[2023.04.08-17.07.11:191][368]Job is a success!
[2023.04.08-17.07.11:216][369]LogSlate: FSceneViewport::OnFocusLost() reason 2
[2023.04.08-17.07.11:240][369]LogVolumetricLightmapImport: Imported Volumetric Lightmap in 0.014s
[2023.04.08-17.07.11:240][369]LogVolumetricLightmapImport:      Indirection Texture 16x16x16 = 0.0Mb
[2023.04.08-17.07.11:240][369]LogVolumetricLightmapImport:      BrickData 95x5x5 = 0.1Mb (trimmed 0.2Mb due to 0.010000 MinBrickError)
[2023.04.08-17.07.11:240][369]LogVolumetricLightmapImport:      Bricks at Level
[2023.04.08-17.07.11:240][369]LogVolumetricLightmapImport:          0: 5.3% covering 100.0% of volume
[2023.04.08-17.07.11:240][369]LogVolumetricLightmapImport:          1: 15.8% covering 4.7% of volume
[2023.04.08-17.07.11:240][369]LogVolumetricLightmapImport:          2: 78.9% covering 0.4% of volume
[2023.04.08-17.07.11:372][369]LogTexture: Display: Building textures: HQ_Lightmap0_1 (AutoDXT, 1024X1024)
[2023.04.08-17.07.11:372][369]LogTexture: Display: Building textures: LQ_Lightmap_0_1 (DXT1, 1024X1024)
[2023.04.08-17.07.11:372][369]LogTexture: Display: Building textures: ShadowMapTexture2D_0 (G8, 512X512)
[2023.04.08-17.07.11:409][369]Lightmass on MICHAŁ: 1.71 sec total, 62 ms importing, 11 ms setup, 1.00 sec photons, 573 ms processing, 0 ms extra exporting [26/26 mappings]. Threads: 5.62 sec total, 427 ms processing.
[2023.04.08-17.07.11:439][369]LogStaticLightingSystem: Illumination: 11.5 sec (68 ms encoding lightmaps, 40 ms encoding shadowmaps)
[2023.04.08-17.07.11:439][369]LogStaticLightingSystem: Lightmap texture memory:  2.0 MB (0.0 MB streaming, 2.0 MB non-streaming), 2 textures
[2023.04.08-17.07.11:439][369]LogStaticLightingSystem: Shadowmap texture memory: 0.3 MB (0.0 MB streaming, 0.3 MB non-streaming), 1 textures
[2023.04.08-17.07.11:673][369]DumpUnbuiltLightIteractions
[2023.04.08-17.07.11:673][369]Lights with unbuilt interactions: 0
[2023.04.08-17.07.11:673][369]
[2023.04.08-17.07.11:674][369]Primitives with unbuilt interactions: 0
[2023.04.08-17.07.11:680][369]LogSlate: FSceneViewport::OnFocusLost() reason 2
[2023.04.08-17.07.11:694][370]Cmd: MAP CHECK NOTIFYRESULTS
[2023.04.08-17.07.11:694][370]MapCheck: New page: Level1 - 8 kwi 2023, 21:07:11
[2023.04.08-17.07.11:736][370]MapCheck: Map check complete: 0 Error(s), 0 Warning(s), took 42,573ms to complete.
[2023.04.08-17.07.17:407][ 49]LogSlate: FSceneViewport::OnFocusLost() reason 2
[2023.04.08-17.07.26:791][734]Cmd: OBJ SAVEPACKAGE PACKAGE="/Game/Levels/Level1" FILE="C:/Users/PC/Documents/Unreal Projects/BallRunner/Content/Levels/Level1.umap" SILENT=true AUTOSAVING=false KEEPDIRTY=false
[2023.04.08-17.07.26:825][734]LogSavePackage: Moving 'C:/Users/PC/Documents/Unreal Projects/BallRunner/Saved/Level1B33ED329436D5C35A1F761B53744E452.tmp' to 'C:/Users/PC/Documents/Unreal Projects/BallRunner/Content/Levels/Level1.umap'
[2023.04.08-17.07.26:837][734]LogFileHelpers: Saving map 'Level1' took 0.080
[2023.04.08-17.07.26:838][734]Cmd: OBJ SAVEPACKAGE PACKAGE="/Game/Levels/Level1_BuiltData" FILE="C:/Users/PC/Documents/Unreal Projects/BallRunner/Content/Levels/Level1_BuiltData.uasset" SILENT=true
[2023.04.08-17.07.26:857][734]LogSavePackage: Moving 'C:/Users/PC/Documents/Unreal Projects/BallRunner/Saved/Level1_BuiltData704A119E4C5B39F2EE049FA4B1E5879A.tmp' to 'C:/Users/PC/Documents/Unreal Projects/BallRunner/Content/Levels/Level1_BuiltData.uasset'
[2023.04.08-17.12.18:969][159]LogSlate: Took 0.003653 seconds to synchronously load lazily loaded font '../../../Engine/Content/Slate/Fonts/Roboto-Italic.ttf' (157K)
[2023.04.08-17.12.20:698][164]LogSlate: FSceneViewport::OnFocusLost() reason 0
[2023.04.08-17.14.11:354][572]LogSlate: Window 'BallRunner - Unreal Editor' being destroyed
[2023.04.08-17.14.11:501][573]Cmd: QUIT_EDITOR
[2023.04.08-17.14.11:511][573]LogWindowsTextInputMethodSystem: Display: IME system now deactivated.
[2023.04.08-17.14.11:517][573]LogExit: Preparing to exit.
[2023.04.08-17.14.11:858][573]LogExit: Editor shut down
[2023.04.08-17.14.11:858][573]LogExit: Transaction tracking system shut down
[2023.04.08-17.14.11:960][573]LogExit: Object subsystem successfully closed.
[2023.04.08-17.14.11:983][573]LogShaderCompilers: Display: Shaders left to compile 0
[2023.04.08-17.14.11:985][573]LogD3D11RHI: Shutdown
[2023.04.08-17.14.11:985][573]LogD3D11RHI: CleanupD3DDevice
[2023.04.08-17.14.11:987][573]LogD3D11RHI: ~FD3D11DynamicRHI
[2023.04.08-17.14.11:992][573]LogModuleManager: Shutting down and abandoning module ExternalImagePicker (612)
[2023.04.08-17.14.11:992][573]LogModuleManager: Shutting down and abandoning module HierarchicalLODOutliner (610)
[2023.04.08-17.14.11:992][573]LogModuleManager: Shutting down and abandoning module SceneOutliner (608)
[2023.04.08-17.14.11:992][573]LogModuleManager: Shutting down and abandoning module AddContentDialog (606)
[2023.04.08-17.14.11:993][573]LogModuleManager: Shutting down and abandoning module WidgetCarousel (605)
[2023.04.08-17.14.11:993][573]LogModuleManager: Shutting down and abandoning module EditorWidgets (602)
[2023.04.08-17.14.11:993][573]LogModuleManager: Shutting down and abandoning module CollectionManager (600)
[2023.04.08-17.14.11:993][573]LogModuleManager: Shutting down and abandoning module StatsViewer (598)
[2023.04.08-17.14.11:993][573]LogModuleManager: Shutting down and abandoning module FoliageEdit (596)
[2023.04.08-17.14.11:993][573]LogModuleManager: Shutting down and abandoning module LandscapeEditor (594)
[2023.04.08-17.14.11:993][573]LogModuleManager: Shutting down and abandoning module MeshPaintMode (592)
[2023.04.08-17.14.11:993][573]LogModuleManager: Shutting down and abandoning module SceneDepthPickerMode (590)
[2023.04.08-17.14.11:993][573]LogModuleManager: Shutting down and abandoning module ActorPickerMode (588)
[2023.04.08-17.14.11:993][573]LogModuleManager: Shutting down and abandoning module GeometryMode (586)
[2023.04.08-17.14.11:993][573]LogModuleManager: Shutting down and abandoning module TextureAlignMode (584)
[2023.04.08-17.14.11:993][573]LogModuleManager: Shutting down and abandoning module BspMode (582)
[2023.04.08-17.14.11:993][573]LogModuleManager: Shutting down and abandoning module PIEPreviewDeviceProfileSelector (580)
[2023.04.08-17.14.11:993][573]LogModuleManager: Shutting down and abandoning module SequenceRecorderSections (578)
[2023.04.08-17.14.11:993][573]LogModuleManager: Shutting down and abandoning module AutomationWorker (576)
[2023.04.08-17.14.11:993][573]LogModuleManager: Shutting down and abandoning module AudioCaptureEditor (574)
[2023.04.08-17.14.11:993][573]LogModuleManager: Shutting down and abandoning module SequenceRecorder (573)
[2023.04.08-17.14.11:993][573]LogModuleManager: Shutting down and abandoning module MatineeToLevelSequence (570)
[2023.04.08-17.14.11:993][573]LogModuleManager: Shutting down and abandoning module LevelSequenceEditor (568)
[2023.04.08-17.14.11:993][573]LogModuleManager: Shutting down and abandoning module PlacementMode (567)
[2023.04.08-17.14.11:993][573]LogModuleManager: Shutting down and abandoning module MaterialEditor (566)
[2023.04.08-17.14.11:993][573]LogModuleManager: Shutting down and abandoning module WmfMediaFactory (562)
[2023.04.08-17.14.11:993][573]LogModuleManager: Shutting down and abandoning module WmfMediaEditor (560)
[2023.04.08-17.14.11:993][573]LogModuleManager: Shutting down and abandoning module MediaPlayerEditor (558)
[2023.04.08-17.14.11:993][573]LogModuleManager: Shutting down and abandoning module OpenExrWrapper (556)
[2023.04.08-17.14.11:993][573]LogModuleManager: Shutting down and abandoning module ImgMediaFactory (554)
[2023.04.08-17.14.11:993][573]LogModuleManager: Shutting down and abandoning module ImgMediaEditor (552)
[2023.04.08-17.14.11:993][573]LogModuleManager: Shutting down and abandoning module AvfMediaFactory (550)
[2023.04.08-17.14.11:993][573]LogModuleManager: Shutting down and abandoning module AvfMediaEditor (548)
[2023.04.08-17.14.11:993][573]LogModuleManager: Shutting down and abandoning module AndroidMediaFactory (546)
[2023.04.08-17.14.11:993][573]LogModuleManager: Shutting down and abandoning module AndroidMediaEditor (544)
[2023.04.08-17.14.11:993][573]LogModuleManager: Shutting down and abandoning module MagicLeapCameraPreviewFactory (542)
[2023.04.08-17.14.11:993][573]LogModuleManager: Shutting down and abandoning module MagicLeapMediaFactory (540)
[2023.04.08-17.14.11:993][573]LogModuleManager: Shutting down and abandoning module MagicLeapMediaEditor (538)
[2023.04.08-17.14.11:993][573]LogModuleManager: Shutting down and abandoning module CharacterAI (536)
[2023.04.08-17.14.11:993][573]LogModuleManager: Shutting down and abandoning module SmartSnapping (534)
[2023.04.08-17.14.11:993][573]LogModuleManager: Shutting down and abandoning module SessionServices (532)
[2023.04.08-17.14.11:993][573]LogModuleManager: Shutting down and abandoning module ViewportSnapping (530)
[2023.04.08-17.14.11:993][573]LogModuleManager: Shutting down and abandoning module ViewportInteraction (528)
[2023.04.08-17.14.11:993][573]LogModuleManager: Shutting down and abandoning module ClothPainter (526)
[2023.04.08-17.14.11:993][573]LogModuleManager: Shutting down and abandoning module SkeletalMeshEditor (525)
[2023.04.08-17.14.11:993][573]LogModuleManager: Shutting down and abandoning module LogVisualizer (522)
[2023.04.08-17.14.11:993][573]LogModuleManager: Shutting down and abandoning module IntroTutorials (520)
[2023.04.08-17.14.11:993][573]LogModuleManager: Shutting down and abandoning module GameProjectGeneration (519)
[2023.04.08-17.14.11:993][573]LogModuleManager: Shutting down and abandoning module LuminPlatformEditor (516)
[2023.04.08-17.14.11:993][573]LogModuleManager: Shutting down and abandoning module IOSPlatformEditor (514)
[2023.04.08-17.14.11:993][573]LogModuleManager: Shutting down and abandoning module HTML5PlatformEditor (512)
[2023.04.08-17.14.11:993][573]LogModuleManager: Shutting down and abandoning module AndroidPlatformEditor (510)
[2023.04.08-17.14.11:993][573]LogModuleManager: Shutting down and abandoning module AndroidDeviceDetection (509)
[2023.04.08-17.14.12:556][573]LogModuleManager: Shutting down and abandoning module WindowsPlatformEditor (506)
[2023.04.08-17.14.12:556][573]LogModuleManager: Shutting down and abandoning module LuminRuntimeSettings (504)
[2023.04.08-17.14.12:556][573]LogModuleManager: Shutting down and abandoning module IOSRuntimeSettings (502)
[2023.04.08-17.14.12:556][573]LogModuleManager: Shutting down and abandoning module AndroidRuntimeSettings (500)
[2023.04.08-17.14.12:556][573]LogModuleManager: Shutting down and abandoning module InputBindingEditor (498)
[2023.04.08-17.14.12:556][573]LogModuleManager: Shutting down and abandoning module MergeActors (496)
[2023.04.08-17.14.12:556][573]LogModuleManager: Shutting down and abandoning module LocalizationDashboard (494)
[2023.04.08-17.14.12:556][573]LogModuleManager: Shutting down and abandoning module LocalizationService (493)
[2023.04.08-17.14.12:556][573]LogModuleManager: Shutting down and abandoning module HardwareTargeting (490)
[2023.04.08-17.14.12:556][573]LogModuleManager: Shutting down and abandoning module DeviceProfileEditor (488)
[2023.04.08-17.14.12:556][573]LogModuleManager: Shutting down and abandoning module UndoHistory (486)
[2023.04.08-17.14.12:556][573]LogModuleManager: Shutting down and abandoning module XmlParser (484)
[2023.04.08-17.14.12:556][573]LogModuleManager: Shutting down and abandoning module Blutility (482)
[2023.04.08-17.14.12:556][573]LogModuleManager: Shutting down and abandoning module ProjectSettingsViewer (480)
[2023.04.08-17.14.12:556][573]LogModuleManager: Shutting down and abandoning module ProjectTargetPlatformEditor (479)
[2023.04.08-17.14.12:556][573]LogModuleManager: Shutting down and abandoning module EditorSettingsViewer (476)
[2023.04.08-17.14.12:556][573]LogModuleManager: Shutting down and abandoning module SettingsEditor (474)
[2023.04.08-17.14.12:556][573]LogModuleManager: Shutting down and abandoning module ProjectLauncher (472)
[2023.04.08-17.14.12:556][573]LogModuleManager: Shutting down and abandoning module SessionFrontend (470)
[2023.04.08-17.14.12:556][573]LogModuleManager: Shutting down and abandoning module ProfilerClient (468)
[2023.04.08-17.14.12:556][573]LogModuleManager: Shutting down and abandoning module DeviceManager (466)
[2023.04.08-17.14.12:556][573]LogModuleManager: Shutting down and abandoning module TargetDeviceServices (465)
[2023.04.08-17.14.12:610][573]LogModuleManager: Shutting down and abandoning module AutomationController (462)
[2023.04.08-17.14.12:610][573]LogModuleManager: Shutting down and abandoning module AutomationWindow (460)
[2023.04.08-17.14.12:610][573]LogModuleManager: Shutting down and abandoning module Layers (458)
[2023.04.08-17.14.12:610][573]LogModuleManager: Shutting down and abandoning module ComponentVisualizers (456)
[2023.04.08-17.14.12:610][573]LogModuleManager: Shutting down and abandoning module DetailCustomizations (454)
[2023.04.08-17.14.12:610][573]LogModuleManager: Shutting down and abandoning module PackagesDialog (452)
[2023.04.08-17.14.12:610][573]LogModuleManager: Shutting down and abandoning module Persona (450)
[2023.04.08-17.14.12:610][573]LogModuleManager: Shutting down and abandoning module AdvancedPreviewScene (449)
[2023.04.08-17.14.12:610][573]LogModuleManager: Shutting down and abandoning module AnimGraph (447)
[2023.04.08-17.14.12:610][573]LogModuleManager: Shutting down and abandoning module Kismet (444)
[2023.04.08-17.14.12:610][573]LogModuleManager: Shutting down and abandoning module GraphEditor (442)
[2023.04.08-17.14.12:610][573]LogModuleManager: Shutting down and abandoning module ClassViewer (440)
[2023.04.08-17.14.12:610][573]LogModuleManager: Shutting down and abandoning module Toolbox (438)
[2023.04.08-17.14.12:610][573]LogModuleManager: Shutting down and abandoning module ModuleUI (436)
[2023.04.08-17.14.12:610][573]LogModuleManager: Shutting down and abandoning module MovieSceneTools (434)
[2023.04.08-17.14.12:610][573]LogModuleManager: Shutting down and abandoning module OutputLog (432)
[2023.04.08-17.14.12:610][573]LogModuleManager: Shutting down and abandoning module GammaUI (430)
[2023.04.08-17.14.12:610][573]LogModuleManager: Shutting down and abandoning module Documentation (428)
[2023.04.08-17.14.12:610][573]LogModuleManager: Shutting down and abandoning module MovieSceneTracks (426)
[2023.04.08-17.14.12:610][573]LogModuleManager: Shutting down and abandoning module MovieScene (424)
[2023.04.08-17.14.12:610][573]LogModuleManager: Shutting down and abandoning module StreamingPauseRendering (422)
[2023.04.08-17.14.12:610][573]LogModuleManager: Shutting down and abandoning module LauncherPlatform (420)
[2023.04.08-17.14.12:610][573]LogModuleManager: Shutting down and abandoning module AnalyticsET (418)
[2023.04.08-17.14.12:610][573]LogModuleManager: Shutting down and abandoning module PortalServices (416)
[2023.04.08-17.14.12:610][573]LogModuleManager: Shutting down and abandoning module PortalRpc (414)
[2023.04.08-17.14.12:610][573]LogModuleManager: Shutting down and abandoning module MessagingRpc (412)
[2023.04.08-17.14.12:610][573]LogModuleManager: Shutting down and abandoning module AIModule (410)
[2023.04.08-17.14.12:610][573]LogModuleManager: Shutting down and abandoning module GameplayDebugger (409)
[2023.04.08-17.14.12:610][573]LogModuleManager: Shutting down and abandoning module AITestSuite (407)
[2023.04.08-17.14.12:610][573]LogModuleManager: Shutting down and abandoning module NavigationSystem (405)
[2023.04.08-17.14.12:610][573]LogModuleManager: Shutting down and abandoning module DesktopPlatform (402)
[2023.04.08-17.14.12:610][573]LogModuleManager: Shutting down and abandoning module ProfilerService (400)
[2023.04.08-17.14.12:698][573]LogModuleManager: Shutting down and abandoning module TaskGraph (398)
[2023.04.08-17.14.12:698][573]LogModuleManager: Shutting down and abandoning module SteamVRController (396)
[2023.04.08-17.14.12:698][573]LogModuleManager: Shutting down and abandoning module ProceduralMeshComponentEditor (394)
[2023.04.08-17.14.12:698][573]LogModuleManager: Shutting down and abandoning module ProceduralMeshComponent (392)
[2023.04.08-17.14.12:698][573]LogModuleManager: Shutting down and abandoning module OculusInput (390)
[2023.04.08-17.14.12:698][573]LogModuleManager: Shutting down and abandoning module MobilePatchingUtils (388)
[2023.04.08-17.14.12:698][573]LogModuleManager: Shutting down and abandoning module EditableMesh (386)
[2023.04.08-17.14.12:698][573]LogModuleManager: Shutting down and abandoning module CustomMeshComponent (384)
[2023.04.08-17.14.12:698][573]LogModuleManager: Shutting down and abandoning module CableComponent (382)
[2023.04.08-17.14.12:698][573]LogModuleManager: Shutting down and abandoning module AudioCapture (380)
[2023.04.08-17.14.12:698][573]LogModuleManager: Shutting down and abandoning module ArchVisCharacter (378)
[2023.04.08-17.14.12:698][573]LogModuleManager: Shutting down and abandoning module AndroidPermission (376)
[2023.04.08-17.14.12:698][573]LogModuleManager: Shutting down and abandoning module NUTUnrealEngine4 (374)
[2023.04.08-17.14.12:698][573]LogModuleManager: Shutting down and abandoning module NetcodeUnitTest (372)
[2023.04.08-17.14.12:698][573]LogModuleManager: Shutting down and abandoning module MediaCompositingEditor (370)
[2023.04.08-17.14.12:698][573]LogModuleManager: Shutting down and abandoning module MediaCompositing (368)
[2023.04.08-17.14.12:698][573]LogModuleManager: Shutting down and abandoning module LinearTimecode (366)
[2023.04.08-17.14.12:698][573]LogModuleManager: Shutting down and abandoning module ImgMedia (364)
[2023.04.08-17.14.12:700][573]LogModuleManager: Shutting down and abandoning module HTML5Networking (362)
[2023.04.08-17.14.12:700][573]LogModuleManager: Shutting down and abandoning module GeometryCacheTracks (360)
[2023.04.08-17.14.12:700][573]LogModuleManager: Shutting down and abandoning module GeometryCacheSequencer (358)
[2023.04.08-17.14.12:700][573]LogModuleManager: Shutting down and abandoning module BackChannel (356)
[2023.04.08-17.14.12:700][573]LogModuleManager: Shutting down and abandoning module AppleVision (354)
[2023.04.08-17.14.12:700][573]LogModuleManager: Shutting down and abandoning module AppleImageUtils (352)
[2023.04.08-17.14.12:700][573]LogModuleManager: Shutting down and abandoning module AlembicImporter (350)
[2023.04.08-17.14.12:700][573]LogModuleManager: Shutting down and abandoning module AlembicLibrary (349)
[2023.04.08-17.14.12:700][573]LogModuleManager: Shutting down and abandoning module GeometryCache (348)
[2023.04.08-17.14.12:700][573]LogModuleManager: Shutting down and abandoning module GeometryCacheEd (347)
[2023.04.08-17.14.12:700][573]LogModuleManager: Shutting down and abandoning module DatasmithContentEditor (342)
[2023.04.08-17.14.12:700][573]LogModuleManager: Shutting down and abandoning module DatasmithContent (340)
[2023.04.08-17.14.12:701][573]LogModuleManager: Shutting down and abandoning module SpeedTreeImporter (338)
[2023.04.08-17.14.12:701][573]LogModuleManager: Shutting down and abandoning module PluginBrowser (336)
[2023.04.08-17.14.12:701][573]LogModuleManager: Shutting down and abandoning module MobileLauncherProfileWizard (334)
[2023.04.08-17.14.12:701][573]LogModuleManager: Shutting down and abandoning module PolygonModeling (332)
[2023.04.08-17.14.12:701][573]LogModuleManager: Shutting down and abandoning module MeshEditor (330)
[2023.04.08-17.14.12:701][573]LogModuleManager: Shutting down and abandoning module CryptoKeysOpenSSL (328)
[2023.04.08-17.14.12:701][573]LogModuleManager: Shutting down and abandoning module CryptoKeys (326)
[2023.04.08-17.14.12:701][573]LogModuleManager: Shutting down and abandoning module VisualStudioSourceCodeAccess (324)
[2023.04.08-17.14.12:701][573]LogModuleManager: Shutting down and abandoning module VisualStudioCodeSourceCodeAccess (322)
[2023.04.08-17.14.12:701][573]LogModuleManager: Shutting down and abandoning module UObjectPlugin (320)
[2023.04.08-17.14.12:701][573]LogModuleManager: Shutting down and abandoning module SubversionSourceControl (318)
[2023.04.08-17.14.12:701][573]LogModuleManager: Shutting down and abandoning module PerforceSourceControl (316)
[2023.04.08-17.14.12:701][573]LogModuleManager: Shutting down and abandoning module GitSourceControl (314)
[2023.04.08-17.14.12:701][573]LogModuleManager: Shutting down and abandoning module SourceControl (313)
[2023.04.08-17.14.12:701][573]LogModuleManager: Shutting down and abandoning module CLionSourceCodeAccess (310)
[2023.04.08-17.14.12:701][573]LogModuleManager: Shutting down and abandoning module LightPropagationVolumeEditor (308)
[2023.04.08-17.14.12:701][573]LogModuleManager: Shutting down and abandoning module PaperTiledImporter (306)
[2023.04.08-17.14.12:701][573]LogModuleManager: Shutting down and abandoning module PaperSpriteSheetImporter (304)
[2023.04.08-17.14.12:701][573]LogModuleManager: Shutting down and abandoning module Paper2DEditor (302)
[2023.04.08-17.14.12:701][573]LogModuleManager: Shutting down and abandoning module MeshPaint (301)
[2023.04.08-17.14.12:701][573]LogModuleManager: Shutting down and abandoning module RuntimePhysXCooking (298)
[2023.04.08-17.14.12:701][573]LogModuleManager: Shutting down and abandoning module PhysXVehiclesEditor (296)
[2023.04.08-17.14.12:701][573]LogModuleManager: Shutting down and abandoning module PhysXVehicles (294)
[2023.04.08-17.14.12:701][573]LogModuleManager: Shutting down and abandoning module OculusEditor (292)
[2023.04.08-17.14.12:701][573]LogModuleManager: Shutting down and abandoning module LocationServicesBPLibrary (290)
[2023.04.08-17.14.12:701][573]LogModuleManager: Shutting down and abandoning module ImmediatePhysicsEditor (288)
[2023.04.08-17.14.12:701][573]LogModuleManager: Shutting down and abandoning module ImmediatePhysics (286)
[2023.04.08-17.14.12:701][573]LogModuleManager: Shutting down and abandoning module ActorSequence (284)
[2023.04.08-17.14.12:701][573]LogModuleManager: Shutting down and abandoning module UdpMessaging (282)
[2023.04.08-17.14.12:803][573]LogModuleManager: Shutting down and abandoning module TcpMessaging (280)
[2023.04.08-17.14.12:904][573]LogModuleManager: Shutting down and abandoning module MagicLeapAudio (278)
[2023.04.08-17.14.12:904][573]LogModuleManager: Shutting down and abandoning module GameplayTagsEditor (276)
[2023.04.08-17.14.12:904][573]LogModuleManager: Shutting down and abandoning module FacialAnimationEditor (274)
[2023.04.08-17.14.12:904][573]LogModuleManager: Shutting down and abandoning module FacialAnimation (272)
[2023.04.08-17.14.12:904][573]LogModuleManager: Shutting down and abandoning module DataValidation (270)
[2023.04.08-17.14.12:904][573]LogModuleManager: Shutting down and abandoning module AssetManagerEditor (268)
[2023.04.08-17.14.12:904][573]LogModuleManager: Shutting down and abandoning module LevelEditor (267)
[2023.04.08-17.14.12:904][573]LogModuleManager: Shutting down and abandoning module PixelInspectorModule (266)
[2023.04.08-17.14.12:904][573]LogModuleManager: Shutting down and abandoning module CommonMenuExtensions (264)
[2023.04.08-17.14.12:904][573]LogModuleManager: Shutting down and abandoning module MainFrame (262)
[2023.04.08-17.14.12:904][573]LogModuleManager: Shutting down and abandoning module HotReload (261)
[2023.04.08-17.14.12:904][573]LogModuleManager: Shutting down and abandoning module ContentBrowser (257)
[2023.04.08-17.14.12:905][573]LogModuleManager: Shutting down and abandoning module TreeMap (255)
[2023.04.08-17.14.12:905][573]LogModuleManager: Shutting down and abandoning module LightPropagationVolumeRuntime (252)
[2023.04.08-17.14.12:905][573]LogModuleManager: Shutting down and abandoning module AISupportModule (250)
[2023.04.08-17.14.12:905][573]LogModuleManager: Shutting down and abandoning module Paper2D (248)
[2023.04.08-17.14.12:905][573]LogModuleManager: Shutting down and abandoning module WindowsMoviePlayer (246)
[2023.04.08-17.14.12:905][573]LogModuleManager: Shutting down and abandoning module WmfMedia (244)
[2023.04.08-17.14.12:907][573]LogModuleManager: Shutting down and abandoning module Media (243)
[2023.04.08-17.14.12:913][573]LogModuleManager: Shutting down and abandoning module PacketHandler (240)
[2023.04.08-17.14.12:913][573]LogModuleManager: Shutting down and abandoning module ClothingSystemEditor (238)
[2023.04.08-17.14.12:913][573]LogModuleManager: Shutting down and abandoning module ClothingSystemRuntime (236)
[2023.04.08-17.14.12:913][573]LogModuleManager: Shutting down and abandoning module MediaAssets (234)
[2023.04.08-17.14.12:913][573]LogModuleManager: Shutting down and abandoning module Overlay (232)
[2023.04.08-17.14.12:913][573]LogModuleManager: Shutting down and abandoning module OverlayEditor (231)
[2023.04.08-17.14.12:913][573]LogModuleManager: Shutting down and abandoning module VREditor (228)
[2023.04.08-17.14.12:913][573]LogModuleManager: Shutting down and abandoning module StringTableEditor (226)
[2023.04.08-17.14.12:913][573]LogModuleManager: Shutting down and abandoning module GameplayTasksEditor (224)
[2023.04.08-17.14.12:913][573]LogModuleManager: Shutting down and abandoning module BehaviorTreeEditor (222)
[2023.04.08-17.14.12:913][573]LogModuleManager: Shutting down and abandoning module FunctionalTesting (220)
[2023.04.08-17.14.12:913][573]LogModuleManager: Shutting down and abandoning module CollisionAnalyzer (218)
[2023.04.08-17.14.12:913][573]LogModuleManager: Shutting down and abandoning module WorkspaceMenuStructure (217)
[2023.04.08-17.14.12:913][573]LogModuleManager: Shutting down and abandoning module UMG (214)
[2023.04.08-17.14.12:913][573]LogModuleManager: Shutting down and abandoning module UMGEditor (213)
[2023.04.08-17.14.12:913][573]LogModuleManager: Shutting down and abandoning module Sequencer (212)
[2023.04.08-17.14.12:914][573]LogModuleManager: Shutting down and abandoning module MessageLog (209)
[2023.04.08-17.14.12:914][573]LogModuleManager: Shutting down and abandoning module SlateReflector (204)
[2023.04.08-17.14.12:914][573]LogModuleManager: Shutting down and abandoning module Slate (202)
[2023.04.08-17.14.12:914][573]LogModuleManager: Shutting down and abandoning module EditorStyle (200)
[2023.04.08-17.14.12:917][573]LogModuleManager: Shutting down and abandoning module MRMesh (198)
[2023.04.08-17.14.12:917][573]LogModuleManager: Shutting down and abandoning module SourceCodeAccess (196)
[2023.04.08-17.14.12:917][573]LogModuleManager: Shutting down and abandoning module HeadMountedDisplay (194)
[2023.04.08-17.14.12:917][573]LogModuleManager: Shutting down and abandoning module XAudio2 (192)
[2023.04.08-17.14.12:917][573]LogModuleManager: Shutting down and abandoning module Networking (190)
[2023.04.08-17.14.12:917][573]LogModuleManager: Shutting down and abandoning module Core (188)
[2023.04.08-17.14.12:917][573]LogModuleManager: Shutting down and abandoning module LevelSequence (186)
[2023.04.08-17.14.12:917][573]LogModuleManager: Shutting down and abandoning module KismetCompiler (184)
[2023.04.08-17.14.12:917][573]LogModuleManager: Shutting down and abandoning module MeshUtilities (182)
[2023.04.08-17.14.12:917][573]LogModuleManager: Shutting down and abandoning module MeshMergeUtilities (181)
[2023.04.08-17.14.12:917][573]LogModuleManager: Shutting down and abandoning module MeshReductionInterface (180)
[2023.04.08-17.14.12:917][573]LogModuleManager: Shutting down and abandoning module SimplygonSwarm (179)
[2023.04.08-17.14.12:917][573]LogModuleManager: Shutting down and abandoning module ProxyLODMeshReduction (177)
[2023.04.08-17.14.12:917][573]LogModuleManager: Shutting down and abandoning module SimplygonMeshReduction (175)
[2023.04.08-17.14.12:917][573]LogModuleManager: Shutting down and abandoning module QuadricMeshReduction (173)
[2023.04.08-17.14.12:917][573]LogModuleManager: Shutting down and abandoning module MaterialBaking (169)
[2023.04.08-17.14.12:917][573]LogModuleManager: Shutting down and abandoning module DirectoryWatcher (165)
[2023.04.08-17.14.12:917][573]LogModuleManager: Shutting down and abandoning module DerivedDataCache (162)
[2023.04.08-17.14.12:982][573]LogDerivedDataCache: Shutdown
[2023.04.08-17.14.12:982][573]LogModuleManager: Shutting down and abandoning module XGEController (160)
[2023.04.08-17.14.12:982][573]LogModuleManager: Shutting down and abandoning module TargetPlatform (158)
[2023.04.08-17.14.12:982][573]LogModuleManager: Shutting down and abandoning module VulkanShaderFormat (157)
[2023.04.08-17.14.12:983][573]LogModuleManager: Shutting down and abandoning module ShaderFormatVectorVM (155)
[2023.04.08-17.14.12:983][573]LogModuleManager: Shutting down and abandoning module ShaderFormatOpenGL (153)
[2023.04.08-17.14.12:983][573]LogModuleManager: Shutting down and abandoning module ShaderFormatD3D (151)
[2023.04.08-17.14.12:983][573]LogModuleManager: Shutting down and abandoning module MetalShaderFormat (149)
[2023.04.08-17.14.12:983][573]LogModuleManager: Shutting down and abandoning module TextureFormatUncompressed (147)
[2023.04.08-17.14.12:983][573]LogModuleManager: Shutting down and abandoning module TextureFormatPVR (145)
[2023.04.08-17.14.12:983][573]LogModuleManager: Shutting down and abandoning module TextureFormatDXT (143)
[2023.04.08-17.14.12:983][573]LogModuleManager: Shutting down and abandoning module TextureFormatIntelISPCTexComp (141)
[2023.04.08-17.14.12:983][573]LogModuleManager: Shutting down and abandoning module TextureFormatASTC (139)
[2023.04.08-17.14.12:983][573]LogModuleManager: Shutting down and abandoning module ImageWrapper (138)
[2023.04.08-17.14.12:983][573]LogModuleManager: Shutting down and abandoning module TextureFormatAndroid (135)
[2023.04.08-17.14.12:983][573]LogModuleManager: Shutting down and abandoning module AudioFormatOpus (133)
[2023.04.08-17.14.12:984][573]LogModuleManager: Shutting down and abandoning module AudioFormatOgg (131)
[2023.04.08-17.14.12:984][573]LogModuleManager: Shutting down and abandoning module AudioFormatADPCM (129)
[2023.04.08-17.14.12:984][573]LogModuleManager: Shutting down and abandoning module LuminTargetPlatform (127)
[2023.04.08-17.14.12:984][573]LogModuleManager: Shutting down and abandoning module LinuxTargetPlatform (125)
[2023.04.08-17.14.12:984][573]LogModuleManager: Shutting down and abandoning module LinuxServerTargetPlatform (123)
[2023.04.08-17.14.12:984][573]LogModuleManager: Shutting down and abandoning module LinuxNoEditorTargetPlatform (121)
[2023.04.08-17.14.12:984][573]LogModuleManager: Shutting down and abandoning module LinuxClientTargetPlatform (119)
[2023.04.08-17.14.12:984][573]LogModuleManager: Shutting down and abandoning module TVOSTargetPlatform (117)
[2023.04.08-17.14.12:986][573]LogModuleManager: Shutting down and abandoning module Messaging (115)
[2023.04.08-17.14.12:986][573]LogModuleManager: Shutting down and abandoning module IOSTargetPlatform (113)
[2023.04.08-17.14.12:988][573]LogModuleManager: Shutting down and abandoning module HTML5TargetPlatform (111)
[2023.04.08-17.14.12:988][573]LogModuleManager: Shutting down and abandoning module AndroidTargetPlatform (109)
[2023.04.08-17.14.12:991][573]LogModuleManager: Shutting down and abandoning module WindowsTargetPlatform (107)
[2023.04.08-17.14.12:991][573]LogModuleManager: Shutting down and abandoning module WindowsServerTargetPlatform (105)
[2023.04.08-17.14.12:992][573]LogModuleManager: Shutting down and abandoning module WindowsNoEditorTargetPlatform (103)
[2023.04.08-17.14.12:992][573]LogModuleManager: Shutting down and abandoning module WindowsClientTargetPlatform (101)
[2023.04.08-17.14.12:992][573]LogModuleManager: Shutting down and abandoning module MacTargetPlatform (99)
[2023.04.08-17.14.12:992][573]LogModuleManager: Shutting down and abandoning module MacServerTargetPlatform (97)
[2023.04.08-17.14.12:992][573]LogModuleManager: Shutting down and abandoning module MacNoEditorTargetPlatform (95)
[2023.04.08-17.14.12:992][573]LogModuleManager: Shutting down and abandoning module MacClientTargetPlatform (93)
[2023.04.08-17.14.12:992][573]LogModuleManager: Shutting down and abandoning module AllDesktopTargetPlatform (91)
[2023.04.08-17.14.12:992][573]LogModuleManager: Shutting down and abandoning module InputCore (88)
[2023.04.08-17.14.12:992][573]LogModuleManager: Shutting down and abandoning module Settings (86)
[2023.04.08-17.14.12:992][573]LogModuleManager: Shutting down and abandoning module PhysXCooking (84)
[2023.04.08-17.14.12:992][573]LogModuleManager: Shutting down and abandoning module SteamVR (82)
[2023.04.08-17.14.12:992][573]LogModuleManager: Shutting down and abandoning module OculusHMD (80)
[2023.04.08-17.14.12:992][573]LogModuleManager: Shutting down and abandoning module ExampleDeviceProfileSelector (78)
[2023.04.08-17.14.12:992][573]LogModuleManager: Shutting down and abandoning module LauncherChunkInstaller (76)
[2023.04.08-17.14.12:992][573]LogModuleManager: Shutting down and abandoning module OnlineBlueprintSupport (74)
[2023.04.08-17.14.12:992][573]LogModuleManager: Shutting down and abandoning module OnlineSubsystem (70)
[2023.04.08-17.14.12:992][573]LogModuleManager: Shutting down and abandoning module XMPP (65)
[2023.04.08-17.14.12:992][573]LogModuleManager: Shutting down and abandoning module WebSockets (64)
[2023.04.08-17.14.13:010][573]LogModuleManager: Shutting down and abandoning module HTTP (61)
[2023.04.08-17.14.13:010][573]LogHttp: Display: Http module shutting down, but needs to wait on 1 outstanding Http requests:
[2023.04.08-17.14.13:010][573]LogHttp: Display: 	verb=[POST] url=[https://datarouter.ol.epicgames.com/datarouter/api/v1/public/data?SessionID=%7BC8029F5B-46E8-480D-359C-FB9B27FC1C00%7D&AppID=UEEditor.Rocket.Release&AppVersion=4.20.3-4369336%2B%2B%2BUE4%2BRelease-4.20&UserID=342ef38c4fe427c7bb74b2a1cbe7dfd2%7C785537df732f4b0a931e61680141a575%7Cd234469f-89ec-49c7-a861-e1709901b7a1&AppEnvironment=datacollector-binary&UploadType=eteventstream] status=Processing
[2023.04.08-17.14.13:037][573]LogModuleManager: Shutting down and abandoning module SSL (60)
[2023.04.08-17.14.13:041][573]LogModuleManager: Shutting down and abandoning module MagicLeapEmulator (56)
[2023.04.08-17.14.13:041][573]LogModuleManager: Shutting down and abandoning module MagicLeapPrivileges (54)
[2023.04.08-17.14.13:041][573]LogModuleManager: Shutting down and abandoning module MagicLeapIdentity (52)
[2023.04.08-17.14.13:041][573]LogModuleManager: Shutting down and abandoning module MagicLeapHelperVulkan (50)
[2023.04.08-17.14.13:041][573]LogModuleManager: Shutting down and abandoning module MagicLeapHelperOpenGL (48)
[2023.04.08-17.14.13:041][573]LogModuleManager: Shutting down and abandoning module MagicLeapSecureStorage (46)
[2023.04.08-17.14.13:041][573]LogModuleManager: Shutting down and abandoning module MagicLeapGestures (44)
[2023.04.08-17.14.13:041][573]LogModuleManager: Shutting down and abandoning module MagicLeapEyeTracker (42)
[2023.04.08-17.14.13:041][573]LogModuleManager: Shutting down and abandoning module MagicLeapController (40)
[2023.04.08-17.14.13:042][573]LogSlate: Slate User Destroyed.  User Index 0, Is Virtual User: 0
[2023.04.08-17.14.13:042][573]LogModuleManager: Shutting down and abandoning module MagicLeap (38)
[2023.04.08-17.14.13:042][573]LogModuleManager: Shutting down and abandoning module AnimationModifiers (36)
[2023.04.08-17.14.13:042][573]LogModuleManager: Shutting down and abandoning module PropertyEditor (35)
[2023.04.08-17.14.13:042][573]LogModuleManager: Shutting down and abandoning module AudioEditor (32)
[2023.04.08-17.14.13:042][573]LogModuleManager: Shutting down and abandoning module TextureCompressor (30)
[2023.04.08-17.14.13:042][573]LogModuleManager: Shutting down and abandoning module ShaderCore (28)
[2023.04.08-17.14.13:043][573]LogModuleManager: Shutting down and abandoning module Landscape (26)
[2023.04.08-17.14.13:043][573]LogModuleManager: Shutting down and abandoning module SlateRHIRenderer (24)
[2023.04.08-17.14.13:044][573]LogModuleManager: Shutting down and abandoning module OpenGLDrv (22)
[2023.04.08-17.14.13:044][573]LogModuleManager: Shutting down and abandoning module D3D11RHI (20)
[2023.04.08-17.14.13:044][573]LogModuleManager: Shutting down and abandoning module AnimGraphRuntime (18)
[2023.04.08-17.14.13:044][573]LogModuleManager: Shutting down and abandoning module Renderer (16)
[2023.04.08-17.14.13:044][573]LogModuleManager: Shutting down and abandoning module Engine (14)
[2023.04.08-17.14.13:044][573]LogModuleManager: Shutting down and abandoning module CoreUObject (12)
[2023.04.08-17.14.13:044][573]LogModuleManager: Shutting down and abandoning module NetworkFile (10)
[2023.04.08-17.14.13:044][573]LogModuleManager: Shutting down and abandoning module CookedIterativeFile (8)
[2023.04.08-17.14.13:044][573]LogModuleManager: Shutting down and abandoning module StreamingFile (6)
[2023.04.08-17.14.13:044][573]LogModuleManager: Shutting down and abandoning module SandboxFile (4)
[2023.04.08-17.14.13:044][573]LogModuleManager: Shutting down and abandoning module PakFile (2)
[2023.04.08-17.14.13:079][573]LogExit: Exiting.
[2023.04.08-17.14.13:093][573]Log file closed, 04/08/23 19:14:13
