Log file open, 04/18/23 22:26:30
LogWindows: Failed to load 'aqProf.dll' (GetLastError=126)
LogWindows: File 'aqProf.dll' does not exist
LogWindows: Failed to load 'VSPerf140.dll' (GetLastError=126)
LogWindows: File 'VSPerf140.dll' does not exist
LogWindows: Failed to load 'VtuneApi.dll' (GetLastError=126)
LogWindows: File 'VtuneApi.dll' does not exist
LogWindows: Failed to load 'VtuneApi32e.dll' (GetLastError=126)
LogWindows: File 'VtuneApi32e.dll' does not exist
LogInit: Display: Running engine for game: BallRunner
LogPlatformFile: Not using cached read wrapper
LogTaskGraph: Started task graph with 5 named threads and 35 total threads with 3 sets of task threads.
LogStats: Stats thread started at 0.524623
LogD3D11RHI: Loaded GFSDK_Aftermath_Lib.x64.dll
LogICUInternationalization: Display: ICU TimeZone Detection - Raw Offset: +1:00, Platform Override: ''
LogPluginManager: Mounting plugin Paper2D
LogPluginManager: Mounting plugin AISupport
LogPluginManager: Mounting plugin LightPropagationVolume
LogPluginManager: Mounting plugin CLionSourceCodeAccess
LogPluginManager: Mounting plugin CodeLiteSourceCodeAccess
LogPluginManager: Mounting plugin GitSourceControl
LogPluginManager: Mounting plugin KDevelopSourceCodeAccess
LogPluginManager: Mounting plugin NullSourceCodeAccess
LogPluginManager: Mounting plugin PerforceSourceControl
LogPluginManager: Mounting plugin SubversionSourceControl
LogPluginManager: Mounting plugin UObjectPlugin
LogPluginManager: Mounting plugin VisualStudioCodeSourceCodeAccess
LogPluginManager: Mounting plugin VisualStudioSourceCodeAccess
LogPluginManager: Mounting plugin XCodeSourceCodeAccess
LogPluginManager: Mounting plugin AssetManagerEditor
LogPluginManager: Mounting plugin CryptoKeys
LogPluginManager: Mounting plugin DataValidation
LogPluginManager: Mounting plugin FacialAnimation
LogPluginManager: Mounting plugin GameplayTagsEditor
LogPluginManager: Mounting plugin MacGraphicsSwitching
LogPluginManager: Mounting plugin MeshEditor
LogPluginManager: Mounting plugin MobileLauncherProfileWizard
LogPluginManager: Mounting plugin PluginBrowser
LogPluginManager: Mounting plugin SpeedTreeImporter
LogPluginManager: Mounting plugin DatasmithContent
LogPluginManager: Mounting plugin AlembicImporter
LogPluginManager: Mounting plugin AppleImageUtils
LogPluginManager: Mounting plugin AppleVision
LogPluginManager: Mounting plugin BackChannel
LogPluginManager: Mounting plugin CharacterAI
LogPluginManager: Mounting plugin GeometryCache
LogPluginManager: Mounting plugin HTML5Networking
LogPluginManager: Mounting plugin ProxyLODPlugin
LogPluginManager: Mounting plugin MagicLeap
LogPluginManager: Mounting plugin MagicLeapEmulator
LogPluginManager: Mounting plugin MagicLeapMedia
LogPluginManager: Mounting plugin AndroidMedia
LogPluginManager: Mounting plugin AvfMedia
LogPluginManager: Mounting plugin ImgMedia
LogPluginManager: Mounting plugin LinearTimecode
LogPluginManager: Mounting plugin MediaCompositing
LogPluginManager: Mounting plugin MediaPlayerEditor
LogPluginManager: Mounting plugin WmfMedia
LogPluginManager: Mounting plugin TcpMessaging
LogPluginManager: Mounting plugin UdpMessaging
LogPluginManager: Mounting plugin ActorSequence
LogPluginManager: Mounting plugin LevelSequenceEditor
LogPluginManager: Mounting plugin MatineeToLevelSequence
LogPluginManager: Mounting plugin NetcodeUnitTest
LogPluginManager: Mounting plugin NUTUnrealEngine4
LogPluginManager: Mounting plugin OnlineSubsystemGooglePlay
LogPluginManager: Mounting plugin OnlineSubsystemIOS
LogPluginManager: Mounting plugin OnlineSubsystem
LogPluginManager: Mounting plugin OnlineSubsystemNull
LogPluginManager: Mounting plugin OnlineSubsystemUtils
LogPluginManager: Mounting plugin LauncherChunkInstaller
LogPluginManager: Mounting plugin AndroidDeviceProfileSelector
LogPluginManager: Mounting plugin AndroidMoviePlayer
LogPluginManager: Mounting plugin AndroidPermission
LogPluginManager: Mounting plugin AppleMoviePlayer
LogPluginManager: Mounting plugin ArchVisCharacter
LogPluginManager: Mounting plugin AudioCapture
LogPluginManager: Mounting plugin CableComponent
LogPluginManager: Mounting plugin CustomMeshComponent
LogPluginManager: Mounting plugin EditableMesh
LogPluginManager: Mounting plugin ExampleDeviceProfileSelector
LogPluginManager: Mounting plugin GoogleCloudMessaging
LogPluginManager: Mounting plugin ImmediatePhysics
LogPluginManager: Mounting plugin IOSDeviceProfileSelector
LogPluginManager: Mounting plugin LinuxDeviceProfileSelector
LogPluginManager: Mounting plugin LocationServicesBPLibrary
LogPluginManager: Mounting plugin MobilePatchingUtils
LogPluginManager: Mounting plugin OculusVR
LogPluginManager: Plugin shader directory ../../../Engine/Plugins/Runtime/Oculus/OculusVR/Shaders found
LogPluginManager: Mapping shader source directory ../../../Engine/Plugins/Runtime/Oculus/OculusVR/Shaders to virtual directory /Plugin/OculusVR
LogPluginManager: Mounting plugin PhysXVehicles
LogPluginManager: Mounting plugin ProceduralMeshComponent
LogPluginManager: Mounting plugin RuntimePhysXCooking
LogPluginManager: Mounting plugin SteamVR
LogPluginManager: Mounting plugin WindowsMoviePlayer
LogStreaming: Display: Took  0.126s to configure plugins.
LogInit: Using libcurl 7.55.1-DEV
LogInit:  - built for x86_64-pc-win32
LogInit:  - supports SSL with OpenSSL/1.0.2h
LogInit:  - supports HTTP deflate (compression) using libz 1.2.8
LogInit:  - other features:
LogInit:      CURL_VERSION_SSL
LogInit:      CURL_VERSION_LIBZ
LogInit:      CURL_VERSION_IPV6
LogInit:      CURL_VERSION_ASYNCHDNS
LogInit:      CURL_VERSION_LARGEFILE
LogInit:      CURL_VERSION_IDN
LogInit:  CurlRequestOptions (configurable via config and command line):
LogInit:  - bVerifyPeer = false  - Libcurl will NOT verify peer certificate
LogInit:  - bUseHttpProxy = false  - Libcurl will NOT use HTTP proxy
LogInit:  - bDontReuseConnections = false  - Libcurl will reuse connections
LogInit:  - CertBundlePath = nullptr  - Libcurl will use whatever was configured at build time.
LogInit:  - MaxHostConnections = 16  - Libcurl will limit the number of connections to a host
LogInit:  - LocalHostAddr = Default
LogInit:  - BufferSize = 65536
LogInit: WinSock: version 1.1 (2.2), MaxSocks=32767, MaxUdp=65467
LogInit: Build: ++UE4+Release-4.20-CL-4369336
LogInit: Engine Version: 4.20.3-4369336+++UE4+Release-4.20
LogInit: Compatible Engine Version: 4.20.0-4212847+++UE4+Release-4.20
LogInit: Net CL: 4212847
LogInit: OS: Windows 10 (), CPU: Intel(R) Core(TM) i5-10600KF CPU @ 4.10GHz, GPU: NVIDIA GeForce RTX 3060
LogInit: Compiled (64-bit): Sep 17 2018 12:26:19
LogInit: Compiled with Visual C++: 19.13.26129.00
LogInit: Build Configuration: Development
LogInit: Branch Name: ++UE4+Release-4.20
LogInit: Command Line: -EpicPortal  -epicusername="20Patrycja200" -epicuserid=785537df732f4b0a931e61680141a575 -epiclocale=pl -epicsandboxid=ue
LogInit: Base Directory: D:/Epic/UE_4.20/Engine/Binaries/Win64/
LogInit: Installed Engine Build: 1
LogDevObjectVersion: Number of dev versions registered: 20
LogDevObjectVersion:   Dev-Blueprints (B0D832E4-1F89-4F0D-ACCF-7EB736FD4AA2): 10
LogDevObjectVersion:   Dev-Build (E1C64328-A22C-4D53-A36C-8E866417BD8C): 0
LogDevObjectVersion:   Dev-Core (375EC13C-06E4-48FB-B500-84F0262A717E): 2
LogDevObjectVersion:   Dev-Editor (E4B068ED-F494-42E9-A231-DA0B2E46BB41): 24
LogDevObjectVersion:   Dev-Framework (CFFC743F-43B0-4480-9391-14DF171D2073): 34
LogDevObjectVersion:   Dev-Mobile (B02B49B5-BB20-44E9-A304-32B752E40360): 2
LogDevObjectVersion:   Dev-Networking (A4E4105C-59A1-49B5-A7C5-40C4547EDFEE): 0
LogDevObjectVersion:   Dev-Online (39C831C9-5AE6-47DC-9A44-9C173E1C8E7C): 0
LogDevObjectVersion:   Dev-Physics (78F01B33-EBEA-4F98-B9B4-84EACCB95AA2): 0
LogDevObjectVersion:   Dev-Platform (6631380F-2D4D-43E0-8009-CF276956A95A): 0
LogDevObjectVersion:   Dev-Rendering (12F88B9F-8875-4AFC-A67C-D90C383ABD29): 26
LogDevObjectVersion:   Dev-Sequencer (7B5AE74C-D270-4C10-A958-57980B212A5A): 9
LogDevObjectVersion:   Dev-VR (D7296918-1DD6-4BDD-9DE2-64A83CC13884): 2
LogDevObjectVersion:   Dev-LoadTimes (C2A15278-BFE7-4AFE-6C17-90FF531DF755): 1
LogDevObjectVersion:   Private-Geometry (6EACA3D4-40EC-4CC1-B786-8BED09428FC5): 3
LogDevObjectVersion:   Dev-AnimPhys (29E575DD-E0A3-4627-9D10-D276232CDCEA): 17
LogDevObjectVersion:   Dev-ReflectionCapture (6B266CEC-1EC7-4B8F-A30B-E4D90942FC07): 1
LogDevObjectVersion:   Dev-Automation (0DF73D61-A23F-47EA-B727-89E90C41499A): 1
LogDevObjectVersion:   FortniteMain (601D1886-AC64-4F84-AA16-D3DE0DEAC7D6): 12
LogDevObjectVersion:   Dev-Enterprise (9DFFBCD6-494F-0158-E221-12823C92A888): 1
LogStreaming: Display: Took  0.001s to delete old logs.
LogInit: Presizing for max 8388607 objects, including 0 objects not considered by GC, pre-allocating 0 bytes for permanent pool.
LogInit: Object subsystem initialized
[2023.04.18-20.26.30:754][  0]LogInit: Selected Device Profile: [Windows]
[2023.04.18-20.26.30:754][  0]LogInit: Applying CVar settings loaded from the selected device profile: [Windows]
[2023.04.18-20.26.30:763][  0]LogHAL: Display: Platform has ~ 16 GB [17114869760 / 17179869184 / 16], which maps to Larger [LargestMinGB=32, LargerMinGB=12, DefaultMinGB=8, SmallerMinGB=6, SmallestMinGB=0)
[2023.04.18-20.26.30:763][  0]LogInit: Setting Device Profile CVar: [[r.Vulkan.UseRealUBs:1]]
[2023.04.18-20.26.30:763][  0]LogInit: Going up to parent DeviceProfile []
[2023.04.18-20.26.30:764][  0]LogInit: Computer: MICHAŁ
[2023.04.18-20.26.30:764][  0]LogInit: User: PC
[2023.04.18-20.26.30:764][  0]LogInit: CPU Page size=4096, Cores=6
[2023.04.18-20.26.30:764][  0]LogInit: High frequency timer resolution =10.000000 MHz
[2023.04.18-20.26.30:764][  0]LogMemory: Memory total: Physical=15.9GB (16GB approx)
[2023.04.18-20.26.30:764][  0]LogMemory: Platform Memory Stats for Windows
[2023.04.18-20.26.30:764][  0]LogMemory: Process Physical Memory: 103.70 MB used, 103.70 MB peak
[2023.04.18-20.26.30:764][  0]LogMemory: Process Virtual Memory: 85.97 MB used, 85.97 MB peak
[2023.04.18-20.26.30:764][  0]LogMemory: Physical Memory: 10331.40 MB used,  5990.61 MB free, 16322.01 MB total
[2023.04.18-20.26.30:764][  0]LogMemory: Virtual Memory: 4641.46 MB used,  5990.61 MB free, 134217728.00 MB total
[2023.04.18-20.26.30:793][  0]LogInit: Using OS detected language (pl-PL).
[2023.04.18-20.26.30:793][  0]LogInit: Using OS detected locale (pl-PL).
[2023.04.18-20.26.30:793][  0]LogTextLocalizationManager: No specific localization for 'pl-PL' exists, so the 'pl' localization will be used.
[2023.04.18-20.26.30:794][  0]LogStreaming: Display: Took  0.001s to InitEngineTextLocalization.
[2023.04.18-20.26.30:794][  0]LogInit: Setting process to per monitor DPI aware
[2023.04.18-20.26.30:823][  0]LogSlate: New Slate User Created.  User Index 0, Is Virtual User: 0
[2023.04.18-20.26.30:823][  0]LogSlate: Slate User Registered.  User Index 0, Is Virtual User: 0
[2023.04.18-20.26.30:957][  0]LogHMD: Failed to initialize OpenVR with code 110
[2023.04.18-20.26.30:957][  0]LogD3D11RHI: D3D11 adapters:
[2023.04.18-20.26.31:084][  0]LogD3D11RHI:    0. 'NVIDIA GeForce RTX 3060' (Feature Level 11_0)
[2023.04.18-20.26.31:084][  0]LogD3D11RHI:       12129/0/8161 MB DedicatedVideo/DedicatedSystem/SharedSystem, Outputs:2, VendorId:0x10de
[2023.04.18-20.26.31:085][  0]LogD3D11RHI:    1. 'Microsoft Basic Render Driver' (Feature Level 11_0)
[2023.04.18-20.26.31:085][  0]LogD3D11RHI:       0/0/8161 MB DedicatedVideo/DedicatedSystem/SharedSystem, Outputs:0, VendorId:0x1414
[2023.04.18-20.26.31:085][  0]LogD3D11RHI: Chosen D3D11 Adapter: 0
[2023.04.18-20.26.31:092][  0]LogD3D11RHI: Creating new Direct3DDevice
[2023.04.18-20.26.31:092][  0]LogD3D11RHI:     GPU DeviceId: 0x2503 (for the marketing name, search the web for "GPU Device Id")
[2023.04.18-20.26.31:092][  0]LogWindows: EnumDisplayDevices:
[2023.04.18-20.26.31:093][  0]LogWindows:    0. 'NVIDIA GeForce RTX 3060' (P:1 D:1)
[2023.04.18-20.26.31:093][  0]LogWindows:    1. 'NVIDIA GeForce RTX 3060' (P:0 D:1)
[2023.04.18-20.26.31:093][  0]LogWindows:    2. 'NVIDIA GeForce RTX 3060' (P:0 D:0)
[2023.04.18-20.26.31:093][  0]LogWindows:    3. 'NVIDIA GeForce RTX 3060' (P:0 D:0)
[2023.04.18-20.26.31:093][  0]LogWindows: DebugString: FoundDriverCount:4 
[2023.04.18-20.26.31:093][  0]LogD3D11RHI:     Adapter Name: NVIDIA GeForce RTX 3060
[2023.04.18-20.26.31:093][  0]LogD3D11RHI:   Driver Version: 531.29 (internal:31.0.15.3129, unified:531.29)
[2023.04.18-20.26.31:093][  0]LogD3D11RHI:      Driver Date: 3-8-2023
[2023.04.18-20.26.31:093][  0]LogRHI: Texture pool is 8490 MB (70% of 12129 MB)
[2023.04.18-20.26.31:165][  0]LogD3D11RHI: Async texture creation enabled
[2023.04.18-20.26.31:183][  0]LogD3D11RHI: GPU Timing Frequency: 1000.000000 (Debug: 2 2)
[2023.04.18-20.26.31:185][  0]LogShaderCompilers: Guid format shader working directory is -8 characters bigger than the processId version (C:/Users/PC/Documents/GitHub/BallRunner/BallRunner/Intermediate/Shaders/WorkingDirectory/11508/).
[2023.04.18-20.26.31:185][  0]LogShaderCompilers: Cleaned the shader compiler working directory 'C:/Users/PC/AppData/Local/Temp/UnrealShaderWorkingDir/2A2D3A0F4C488A7E373BB78DEC93E693/'.
[2023.04.18-20.26.31:372][  0]LogTemp: Display: Loaded TP AllDesktopTargetPlatform
[2023.04.18-20.26.31:381][  0]LogTemp: Display: Loaded TP MacClientTargetPlatform
[2023.04.18-20.26.31:390][  0]LogTemp: Display: Loaded TP MacNoEditorTargetPlatform
[2023.04.18-20.26.31:399][  0]LogTemp: Display: Loaded TP MacServerTargetPlatform
[2023.04.18-20.26.31:409][  0]LogTemp: Display: Loaded TP MacTargetPlatform
[2023.04.18-20.26.31:418][  0]LogTemp: Display: Loaded TP WindowsClientTargetPlatform
[2023.04.18-20.26.31:428][  0]LogTemp: Display: Loaded TP WindowsNoEditorTargetPlatform
[2023.04.18-20.26.31:437][  0]LogTemp: Display: Loaded TP WindowsServerTargetPlatform
[2023.04.18-20.26.31:441][  0]LogTemp: Display: Loaded TP WindowsTargetPlatform
[2023.04.18-20.26.31:500][  0]LogTemp: Display: Loaded TP AndroidTargetPlatform
[2023.04.18-20.26.31:500][  0]LogTemp: Display: Loaded TP AndroidTargetPlatform
[2023.04.18-20.26.31:500][  0]LogTemp: Display: Loaded TP AndroidTargetPlatform
[2023.04.18-20.26.31:500][  0]LogTemp: Display: Loaded TP AndroidTargetPlatform
[2023.04.18-20.26.31:500][  0]LogTemp: Display: Loaded TP AndroidTargetPlatform
[2023.04.18-20.26.31:500][  0]LogTemp: Display: Loaded TP AndroidTargetPlatform
[2023.04.18-20.26.31:500][  0]LogTemp: Display: Loaded TP AndroidTargetPlatform
[2023.04.18-20.26.31:500][  0]LogTemp: Display: Loaded TP AndroidTargetPlatform
[2023.04.18-20.26.31:500][  0]LogTemp: Display: Loaded TP AndroidTargetPlatform
[2023.04.18-20.26.31:500][  0]LogTemp: Display: Loaded TP AndroidTargetPlatform
[2023.04.18-20.26.31:500][  0]LogTemp: Display: Loaded TP AndroidTargetPlatform
[2023.04.18-20.26.31:500][  0]LogTemp: Display: Loaded TP AndroidTargetPlatform
[2023.04.18-20.26.31:500][  0]LogTemp: Display: Loaded TP AndroidTargetPlatform
[2023.04.18-20.26.31:500][  0]LogTemp: Display: Loaded TP AndroidTargetPlatform
[2023.04.18-20.26.31:500][  0]LogTemp: Display: Loaded TP AndroidTargetPlatform
[2023.04.18-20.26.31:500][  0]LogTemp: Display: Loaded TP AndroidTargetPlatform
[2023.04.18-20.26.31:500][  0]LogTemp: Display: Loaded TP AndroidTargetPlatform
[2023.04.18-20.26.31:500][  0]LogTemp: Display: Loaded TP AndroidTargetPlatform
[2023.04.18-20.26.31:501][  0]LogTemp: Display: Loaded TP HTML5TargetPlatform
[2023.04.18-20.26.31:552][  0]LogTemp: Display: Loaded TP IOSTargetPlatform
[2023.04.18-20.26.31:552][  0]LogTemp: Display: Loaded TP IOSTargetPlatform
[2023.04.18-20.26.31:567][  0]LogTemp: Display: Loaded TP TVOSTargetPlatform
[2023.04.18-20.26.31:567][  0]LogTemp: Display: Loaded TP TVOSTargetPlatform
[2023.04.18-20.26.31:576][  0]LogTemp: Display: Loaded TP LinuxClientTargetPlatform
[2023.04.18-20.26.31:584][  0]LogTemp: Display: Loaded TP LinuxNoEditorTargetPlatform
[2023.04.18-20.26.31:593][  0]LogTemp: Display: Loaded TP LinuxServerTargetPlatform
[2023.04.18-20.26.31:602][  0]LogTemp: Display: Loaded TP LinuxTargetPlatform
[2023.04.18-20.26.31:608][  0]LogTemp: Display: Loaded TP LuminTargetPlatform
[2023.04.18-20.26.31:608][  0]LogTargetPlatformManager: Display: Building Assets For Windows
[2023.04.18-20.26.31:635][  0]LogXGEController: Cannot use XGE Controller as Incredibuild is not installed on this machine.
[2023.04.18-20.26.31:635][  0]LogShaderCompilers: Cannot use XGE Shader Compiler as Incredibuild is not installed on this machine.
[2023.04.18-20.26.31:635][  0]LogShaderCompilers: Display: Using Local Shader Compiler.
[2023.04.18-20.26.32:147][  0]LogDerivedDataCache: Display: Max Cache Size: 512 MB
[2023.04.18-20.26.32:197][  0]LogDerivedDataCache: Loaded boot cache 0.05s 71MB C:/Users/PC/AppData/Local/UnrealEngine/4.20/DerivedDataCache/Boot.ddc.
[2023.04.18-20.26.32:197][  0]LogDerivedDataCache: Display: Loaded Boot cache: C:/Users/PC/AppData/Local/UnrealEngine/4.20/DerivedDataCache/Boot.ddc
[2023.04.18-20.26.32:197][  0]LogDerivedDataCache: FDerivedDataBackendGraph:  Pak pak cache file C:/Users/PC/Documents/GitHub/BallRunner/BallRunner/DerivedDataCache/DDC.ddp not found, will not use a pak cache.
[2023.04.18-20.26.32:197][  0]LogDerivedDataCache: Unable to find inner node Pak for hierarchical cache Hierarchy.
[2023.04.18-20.26.32:197][  0]LogDerivedDataCache: FDerivedDataBackendGraph:  CompressedPak pak cache file C:/Users/PC/Documents/GitHub/BallRunner/BallRunner/DerivedDataCache/Compressed.ddp not found, will not use a pak cache.
[2023.04.18-20.26.32:197][  0]LogDerivedDataCache: Unable to find inner node CompressedPak for hierarchical cache Hierarchy.
[2023.04.18-20.26.32:208][  0]LogDerivedDataCache: Display: Pak cache opened for reading ../../../Engine/DerivedDataCache/Compressed.ddp.
[2023.04.18-20.26.32:220][  0]LogDerivedDataCache: Using Local data cache path C:/Users/PC/AppData/Local/UnrealEngine/Common/DerivedDataCache: Writable
[2023.04.18-20.26.32:220][  0]LogDerivedDataCache: Shared data cache path not found in *engine.ini, will not use an Shared cache.
[2023.04.18-20.26.32:220][  0]LogDerivedDataCache: Unable to find inner node Shared for hierarchical cache Hierarchy.
[2023.04.18-20.26.32:233][  0]LogMaterial: Verifying Global Shaders for PCD3D_SM5
[2023.04.18-20.26.32:234][  0]LogSlate: Using FreeType 2.6.0
[2023.04.18-20.26.32:234][  0]LogSlate: SlateFontServices - WITH_FREETYPE: 1, WITH_HARFBUZZ: 1
[2023.04.18-20.26.32:292][  0]LogAssetRegistry: FAssetRegistry took 0.0253 seconds to start up
[2023.04.18-20.26.32:511][  0]LogInit: Selected Device Profile: [Windows]
[2023.04.18-20.26.32:599][  0]LogSimplygon: Simplygon DLL not present - disabling.
[2023.04.18-20.26.32:601][  0]LogMeshReduction: Using SimplygonSwarm for distributed automatic mesh merging
[2023.04.18-20.26.32:601][  0]LogMeshReduction: Using ProxyLODMeshReduction for automatic mesh merging
[2023.04.18-20.26.32:601][  0]LogMeshReduction: Using QuadricMeshReduction for automatic static mesh reduction
[2023.04.18-20.26.32:601][  0]LogMeshReduction: No automatic skeletal mesh reduction module available
[2023.04.18-20.26.32:611][  0]LogNetVersion: BallRunner 1.0.0, NetCL: 4212847, EngineNetVer: 5, GameNetVer: 0 (Checksum: 346235534)
[2023.04.18-20.26.32:950][  0]LogPackageLocalizationCache: Processed 11 localized package path(s) for 2 prioritized culture(s) in 0.089319 seconds
[2023.04.18-20.26.32:954][  0]LogUObjectArray: 38425 objects as part of root set at end of initial load.
[2023.04.18-20.26.32:954][  0]LogUObjectAllocator: 6690872 out of 0 bytes used by permanent object pool.
[2023.04.18-20.26.32:954][  0]LogUObjectArray: CloseDisregardForGC: 0/0 objects in disregard for GC pool
[2023.04.18-20.26.33:502][  0]LogTcpMessaging: Initializing TcpMessaging bridge
[2023.04.18-20.26.33:514][  0]LogUdpMessaging: Initializing bridge on interface 0.0.0.0:0 to multicast group 230.0.0.1:6666.
[2023.04.18-20.26.33:621][  0]SourceControl: Source control is disabled
[2023.04.18-20.26.33:621][  0]SourceControl: Source control is disabled
[2023.04.18-20.26.33:622][  0]SourceControl: Source control is disabled
[2023.04.18-20.26.33:622][  0]SourceControl: Source control is disabled
[2023.04.18-20.26.33:754][  0]LogAndroidPermission: UAndroidPermissionCallbackProxy::GetInstance
[2023.04.18-20.26.33:826][  0]LogOcInput: OculusInput pre-init called
[2023.04.18-20.26.33:867][  0]LogEngine: Initializing Engine...
[2023.04.18-20.26.33:868][  0]LogHMD: Failed to initialize OpenVR with code 110
[2023.04.18-20.26.33:869][  0]LogStats: UGameplayTagsManager::ConstructGameplayTagTree: ImportINI prefixes -  0.000 s
[2023.04.18-20.26.33:869][  0]LogStats: UGameplayTagsManager::ConstructGameplayTagTree: Construct from data asset -  0.000 s
[2023.04.18-20.26.33:869][  0]LogStats: UGameplayTagsManager::ConstructGameplayTagTree: ImportINI -  0.000 s
[2023.04.18-20.26.33:869][  0]LogStats: UGameplayTagsManager::ConstructGameplayTagTree: GameplayTagTreeChangedEvent.Broadcast -  0.000 s
[2023.04.18-20.26.34:004][  0]LogInit: Initializing FReadOnlyCVARCache
[2023.04.18-20.26.34:010][  0]LogAIModule: Creating AISystem for world Untitled
[2023.04.18-20.26.34:044][  0]LogInit: XAudio2 using 'Realtek HD Audio 2nd output (Realtek(R) Audio)' : 2 channels at 48 kHz using 32 bits per sample (channel mask 0x3)
[2023.04.18-20.26.34:074][  0]LogInit: FAudioDevice initialized.
[2023.04.18-20.26.34:074][  0]LogNetVersion: Set ProjectVersion to 1.0.0.0. Version Checksum will be recalculated on next use.
[2023.04.18-20.26.34:107][  0]LogDerivedDataCache: Saved boot cache 0.03s 71MB C:/Users/PC/AppData/Local/UnrealEngine/4.20/DerivedDataCache/Boot.ddc.
[2023.04.18-20.26.34:112][  0]LogInit: Texture streaming: Enabled
[2023.04.18-20.26.34:120][  0]LogEngineSessionManager: EngineSessionManager initialized
[2023.04.18-20.26.34:127][  0]LogInit: Transaction tracking system initialized
[2023.04.18-20.26.34:136][  0]BlueprintLog: New page: Editor Load
[2023.04.18-20.26.34:170][  0]LocalizationService: Localization service is disabled
[2023.04.18-20.26.34:332][  0]LogCook: Display: Max memory allowance for cook 16384mb min free memory 0mb
[2023.04.18-20.26.34:332][  0]LogCook: Display: Mobile HDR setting 1
[2023.04.18-20.26.34:332][  0]LogGameplayTags: Display: UGameplayTagsManager::DoneAddingNativeTags. DelegateIsBound: 0
[2023.04.18-20.26.34:332][  0]LogStats: UGameplayTagsManager::ConstructGameplayTagTree: ImportINI prefixes -  0.000 s
[2023.04.18-20.26.34:332][  0]LogStats: UGameplayTagsManager::ConstructGameplayTagTree: Construct from data asset -  0.000 s
[2023.04.18-20.26.34:332][  0]LogStats: UGameplayTagsManager::ConstructGameplayTagTree: ImportINI -  0.000 s
[2023.04.18-20.26.34:332][  0]LogStats: UGameplayTagsManager::ConstructGameplayTagTree: GameplayTagTreeChangedEvent.Broadcast -  0.000 s
[2023.04.18-20.26.34:336][  0]LogFileCache: Scanning file cache for directory 'C:/Users/PC/Documents/GitHub/BallRunner/BallRunner/Content/' took 0.01s
[2023.04.18-20.26.34:390][  0]SourceControl: Source control is disabled
[2023.04.18-20.26.34:390][  0]Cmd: MAP LOAD FILE="C:/Users/PC/Documents/GitHub/BallRunner/BallRunner/Content/Levels/Level1.umap" TEMPLATE=0 SHOWPROGRESS=1 FEATURELEVEL=3
[2023.04.18-20.26.34:391][  0]LightingResults: New page: Lighting Build
[2023.04.18-20.26.34:392][  0]MapCheck: New page: Map Check
[2023.04.18-20.26.34:392][  0]LightingResults: New page: Lighting Build
[2023.04.18-20.26.34:790][  0]LogAIModule: Creating AISystem for world Level1
[2023.04.18-20.26.34:803][  0]LogEditorServer: Finished looking for orphan Actors (0.000 secs)
[2023.04.18-20.26.34:823][  0]Cmd: MAP CHECKDEP NOCLEARLOG
[2023.04.18-20.26.34:857][  0]MapCheck: Map check complete: 0 Error(s), 0 Warning(s), took 33,964ms to complete.
[2023.04.18-20.26.34:857][  0]LogFileHelpers: Loading map 'Level1' took 0.467
[2023.04.18-20.26.34:949][  0]LogSlate: Updating window title bar state: overlay mode, drag disabled, window buttons hidden, title bar hidden
[2023.04.18-20.26.34:955][  0]LogSlate: Updating window title bar state: overlay mode, drag disabled, window buttons hidden, title bar hidden
[2023.04.18-20.26.34:960][  0]LogSlate: Updating window title bar state: overlay mode, drag disabled, window buttons hidden, title bar hidden
[2023.04.18-20.26.34:965][  0]LogSlate: Updating window title bar state: overlay mode, drag disabled, window buttons hidden, title bar hidden
[2023.04.18-20.26.34:969][  0]LogCollectionManager: Loaded 0 collections in 0.000619 seconds
[2023.04.18-20.26.35:009][  0]LogFileCache: Scanning file cache for directory 'C:/Users/PC/Documents/GitHub/BallRunner/BallRunner/Saved/Collections/' took 0.01s
[2023.04.18-20.26.35:009][  0]LogFileCache: Scanning file cache for directory 'C:/Users/PC/Documents/GitHub/BallRunner/BallRunner/Content/Developers/PC/Collections/' took 0.01s
[2023.04.18-20.26.35:009][  0]LogFileCache: Scanning file cache for directory 'C:/Users/PC/Documents/GitHub/BallRunner/BallRunner/Content/Collections/' took 0.01s
[2023.04.18-20.26.35:009][  0]LogCollectionManager: Rebuilt the GUID cache for 0 collections in 0.000000 seconds
[2023.04.18-20.26.35:016][  0]LogContentBrowser: Native class hierarchy populated in 0.0066 seconds. Added 2572 classes and 603 folders.
[2023.04.18-20.26.35:019][  0]LogContentBrowser: Native class hierarchy updated for 'WidgetCarousel' in 0.0002 seconds. Added 0 classes and 0 folders.
[2023.04.18-20.26.35:180][  0]LogContentBrowser: Native class hierarchy updated for 'AddContentDialog' in 0.0002 seconds. Added 0 classes and 0 folders.
[2023.04.18-20.26.35:196][  0]LogContentBrowser: Native class hierarchy updated for 'SceneOutliner' in 0.0002 seconds. Added 1 classes and 2 folders.
[2023.04.18-20.26.35:244][  0]LogSlate: Took 0.000164 seconds to synchronously load lazily loaded font '../../../Engine/Content/Slate/Fonts/Roboto-Regular.ttf' (155K)
[2023.04.18-20.26.35:245][  0]LogSlate: Took 0.000119 seconds to synchronously load lazily loaded font '../../../Engine/Content/Slate/Fonts/Roboto-Bold.ttf' (160K)
[2023.04.18-20.26.35:252][  0]LogSlate: Took 0.004137 seconds to synchronously load lazily loaded font '../../../Engine/Content/Editor/Slate/Fonts/FontAwesome.ttf' (139K)
[2023.04.18-20.26.35:310][  0]LogRenderer: Reallocating scene render targets to support 1304x700 Format 10 NumSamples 1 (Frame:1).
[2023.04.18-20.26.35:481][  0]LogContentBrowser: Native class hierarchy updated for 'HierarchicalLODOutliner' in 0.0002 seconds. Added 0 classes and 0 folders.
[2023.04.18-20.26.35:481][  0]LogLoad: (Engine Initialization) Total time: 6.32 seconds
[2023.04.18-20.26.35:481][  0]LogLoad: (Engine Initialization) Total Blueprint compile time: 0.00 seconds
[2023.04.18-20.26.35:506][  0]LogAssetRegistry: Asset discovery search completed in 3.2379 seconds
[2023.04.18-20.26.35:508][  0]LogCollectionManager: Rebuilt the object cache for 0 collections in 0.000000 seconds (found 0 objects)
[2023.04.18-20.26.35:508][  0]LogCollectionManager: Fixed up redirectors for 0 collections in 0.000035 seconds (updated 0 objects)
[2023.04.18-20.26.35:509][  0]LogContentStreaming: Texture pool size now 1000 MB
[2023.04.18-20.26.35:539][  0]LogSlate: Took 0.001473 seconds to synchronously load lazily loaded font '../../../Engine/Content/Slate/Fonts/Roboto-Light.ttf' (167K)
[2023.04.18-20.26.36:497][114]LogSlate: Took 0.000167 seconds to synchronously load lazily loaded font '../../../Engine/Content/Slate/Fonts/Roboto-Light.ttf' (167K)
[2023.04.18-20.26.40:879][511]LogSlate: FSceneViewport::OnFocusLost() reason 2
[2023.04.18-20.26.42:323][671]LogEditorViewport: Clicking Background
[2023.04.18-20.26.47:220][163]LogSlate: FSceneViewport::OnFocusLost() reason 0
[2023.04.18-20.26.54:186][496]LogAssetEditorManager: Opening Asset editor for Blueprint /Game/Blueprints/Actors/Collectables/Crystal.Crystal
[2023.04.18-20.26.54:556][496]LogContentBrowser: Native class hierarchy updated for 'BlueprintGraph' in 0.0005 seconds. Added 116 classes and 0 folders.
[2023.04.18-20.26.55:108][496]LogSlate: Took 0.004673 seconds to synchronously load lazily loaded font '../../../Engine/Content/Slate/Fonts/Roboto-BoldCondensed.ttf' (158K)
[2023.04.18-20.26.57:209][739]LogRenderer: Reallocating scene render targets to support 1304x900 Format 10 NumSamples 1 (Frame:1).
[2023.04.18-20.26.59:001][951]LogSlate: Took 0.009099 seconds to synchronously load lazily loaded font '../../../Engine/Content/Slate/Fonts/Roboto-Italic.ttf' (157K)
[2023.04.18-20.28.00:141][666]LogSlate: FSceneViewport::OnFocusLost() reason 0
[2023.04.18-20.28.13:974][176]LogClass: Warning: In asset 'None', there is an enum property of type 'ECollisionEnabled' with an invalid value of ''
[2023.04.18-20.28.13:974][176]LogClass: Warning: In asset 'None', there is an enum property of type 'ECollisionEnabled' with an invalid value of ''
[2023.04.18-20.28.13:974][176]LogClass: Warning: In asset 'None', there is an enum property of type 'ECollisionEnabled' with an invalid value of ''
[2023.04.18-20.28.13:974][176]LogClass: Warning: In asset 'None', there is an enum property of type 'ECollisionEnabled' with an invalid value of ''
[2023.04.18-20.28.13:974][176]LogClass: Warning: In asset 'None', there is an enum property of type 'ECollisionEnabled' with an invalid value of ''
[2023.04.18-20.28.13:974][176]LogClass: Warning: In asset 'None', there is an enum property of type 'ECollisionEnabled' with an invalid value of ''
[2023.04.18-20.28.13:974][176]LogClass: Warning: In asset 'None', there is an enum property of type 'ECollisionEnabled' with an invalid value of ''
[2023.04.18-20.28.13:974][176]LogClass: Warning: In asset 'None', there is an enum property of type 'ECollisionEnabled' with an invalid value of ''
[2023.04.18-20.28.13:974][176]LogClass: Warning: In asset 'None', there is an enum property of type 'ECollisionEnabled' with an invalid value of ''
[2023.04.18-20.28.13:974][176]LogClass: Warning: In asset 'None', there is an enum property of type 'ECollisionEnabled' with an invalid value of ''
[2023.04.18-20.28.13:974][176]LogClass: Warning: In asset 'None', there is an enum property of type 'ECollisionEnabled' with an invalid value of ''
[2023.04.18-20.28.13:974][176]LogClass: Warning: In asset 'None', there is an enum property of type 'ECollisionEnabled' with an invalid value of ''
[2023.04.18-20.28.13:974][176]LogClass: Warning: In asset 'None', there is an enum property of type 'ECollisionEnabled' with an invalid value of ''
[2023.04.18-20.28.13:974][176]LogClass: Warning: In asset 'None', there is an enum property of type 'ECollisionEnabled' with an invalid value of ''
[2023.04.18-20.28.13:974][176]LogClass: Warning: In asset 'None', there is an enum property of type 'ECollisionEnabled' with an invalid value of ''
[2023.04.18-20.28.13:974][176]LogClass: Warning: In asset 'None', there is an enum property of type 'ECollisionEnabled' with an invalid value of ''
[2023.04.18-20.28.13:974][176]LogClass: Warning: In asset 'None', there is an enum property of type 'ECollisionEnabled' with an invalid value of ''
[2023.04.18-20.28.13:974][176]LogClass: Warning: In asset 'None', there is an enum property of type 'ECollisionEnabled' with an invalid value of ''
[2023.04.18-20.28.13:974][176]LogClass: Warning: In asset 'None', there is an enum property of type 'ECollisionEnabled' with an invalid value of ''
[2023.04.18-20.28.13:974][176]LogClass: Warning: In asset 'None', there is an enum property of type 'ECollisionEnabled' with an invalid value of ''
[2023.04.18-20.28.13:974][176]LogClass: Warning: In asset 'None', there is an enum property of type 'ECollisionEnabled' with an invalid value of ''
[2023.04.18-20.28.13:974][176]LogClass: Warning: In asset 'None', there is an enum property of type 'ECollisionEnabled' with an invalid value of ''
[2023.04.18-20.28.13:974][176]LogClass: Warning: In asset 'None', there is an enum property of type 'ECollisionEnabled' with an invalid value of ''
[2023.04.18-20.28.13:974][176]LogClass: Warning: In asset 'None', there is an enum property of type 'ECollisionEnabled' with an invalid value of ''
[2023.04.18-20.28.13:974][176]LogClass: Warning: In asset 'None', there is an enum property of type 'ECollisionEnabled' with an invalid value of ''
[2023.04.18-20.28.13:974][176]LogClass: Warning: In asset 'None', there is an enum property of type 'ECollisionEnabled' with an invalid value of ''
[2023.04.18-20.28.13:974][176]LogClass: Warning: In asset 'None', there is an enum property of type 'ECollisionEnabled' with an invalid value of ''
[2023.04.18-20.28.13:974][176]LogClass: Warning: In asset 'None', there is an enum property of type 'ECollisionEnabled' with an invalid value of ''
[2023.04.18-20.28.13:974][176]LogClass: Warning: In asset 'None', there is an enum property of type 'ECollisionEnabled' with an invalid value of ''
[2023.04.18-20.28.13:974][176]LogClass: Warning: In asset 'None', there is an enum property of type 'ECollisionEnabled' with an invalid value of ''
[2023.04.18-20.28.13:992][176]LogClass: Warning: In asset 'None', there is an enum property of type 'ECollisionChannel' with an invalid value of ''
[2023.04.18-20.28.13:992][176]LogClass: Warning: In asset 'None', there is an enum property of type 'ECollisionChannel' with an invalid value of ''
[2023.04.18-20.28.13:992][176]LogClass: Warning: In asset 'None', there is an enum property of type 'ECollisionChannel' with an invalid value of ''
[2023.04.18-20.28.13:992][176]LogClass: Warning: In asset 'None', there is an enum property of type 'ECollisionChannel' with an invalid value of ''
[2023.04.18-20.28.13:992][176]LogClass: Warning: In asset 'None', there is an enum property of type 'ECollisionChannel' with an invalid value of ''
[2023.04.18-20.28.13:992][176]LogClass: Warning: In asset 'None', there is an enum property of type 'ECollisionChannel' with an invalid value of ''
[2023.04.18-20.28.13:992][176]LogClass: Warning: In asset 'None', there is an enum property of type 'ECollisionChannel' with an invalid value of ''
[2023.04.18-20.28.13:992][176]LogClass: Warning: In asset 'None', there is an enum property of type 'ECollisionChannel' with an invalid value of ''
[2023.04.18-20.28.13:992][176]LogClass: Warning: In asset 'None', there is an enum property of type 'ECollisionChannel' with an invalid value of ''
[2023.04.18-20.28.13:992][176]LogClass: Warning: In asset 'None', there is an enum property of type 'ECollisionChannel' with an invalid value of ''
[2023.04.18-20.28.13:992][176]LogClass: Warning: In asset 'None', there is an enum property of type 'ECollisionChannel' with an invalid value of ''
[2023.04.18-20.28.13:992][176]LogClass: Warning: In asset 'None', there is an enum property of type 'ECollisionChannel' with an invalid value of ''
[2023.04.18-20.28.13:992][176]LogClass: Warning: In asset 'None', there is an enum property of type 'ECollisionChannel' with an invalid value of ''
[2023.04.18-20.28.13:992][176]LogClass: Warning: In asset 'None', there is an enum property of type 'ECollisionChannel' with an invalid value of ''
[2023.04.18-20.28.13:992][176]LogClass: Warning: In asset 'None', there is an enum property of type 'ECollisionChannel' with an invalid value of ''
[2023.04.18-20.28.13:992][176]LogClass: Warning: In asset 'None', there is an enum property of type 'ECollisionChannel' with an invalid value of ''
[2023.04.18-20.28.13:992][176]LogClass: Warning: In asset 'None', there is an enum property of type 'ECollisionChannel' with an invalid value of ''
[2023.04.18-20.28.13:992][176]LogClass: Warning: In asset 'None', there is an enum property of type 'ECollisionChannel' with an invalid value of ''
[2023.04.18-20.28.13:992][176]LogClass: Warning: In asset 'None', there is an enum property of type 'ECollisionChannel' with an invalid value of ''
[2023.04.18-20.28.13:992][176]LogClass: Warning: In asset 'None', there is an enum property of type 'ECollisionChannel' with an invalid value of ''
[2023.04.18-20.28.13:992][176]LogClass: Warning: In asset 'None', there is an enum property of type 'ECollisionChannel' with an invalid value of ''
[2023.04.18-20.28.13:992][176]LogClass: Warning: In asset 'None', there is an enum property of type 'ECollisionChannel' with an invalid value of ''
[2023.04.18-20.28.13:992][176]LogClass: Warning: In asset 'None', there is an enum property of type 'ECollisionChannel' with an invalid value of ''
[2023.04.18-20.28.13:992][176]LogClass: Warning: In asset 'None', there is an enum property of type 'ECollisionChannel' with an invalid value of ''
[2023.04.18-20.28.13:992][176]LogClass: Warning: In asset 'None', there is an enum property of type 'ECollisionChannel' with an invalid value of ''
[2023.04.18-20.28.13:992][176]LogClass: Warning: In asset 'None', there is an enum property of type 'ECollisionChannel' with an invalid value of ''
[2023.04.18-20.28.13:992][176]LogClass: Warning: In asset 'None', there is an enum property of type 'ECollisionChannel' with an invalid value of ''
[2023.04.18-20.28.13:992][176]LogClass: Warning: In asset 'None', there is an enum property of type 'ECollisionChannel' with an invalid value of ''
[2023.04.18-20.28.13:992][176]LogClass: Warning: In asset 'None', there is an enum property of type 'ECollisionChannel' with an invalid value of ''
[2023.04.18-20.28.13:992][176]LogClass: Warning: In asset 'None', there is an enum property of type 'ECollisionChannel' with an invalid value of ''
[2023.04.18-20.29.14:499][993]LogSlate: FSceneViewport::OnFocusLost() reason 2
[2023.04.18-20.29.24:592][199]LogSlate: FSceneViewport::OnFocusLost() reason 2
[2023.04.18-20.29.34:454][372]LogSlate: FSceneViewport::OnFocusLost() reason 0
[2023.04.18-20.29.49:940][435]LogEditorTransaction: Undo Attach Component
[2023.04.18-20.30.00:942][623]LogSlate: FSceneViewport::OnFocusLost() reason 0
[2023.04.18-20.32.48:549][412]LogSlate: Window 'Crystal*' being destroyed
[2023.04.18-20.32.48:858][449]LogSlate: FSceneViewport::OnFocusLost() reason 0
[2023.04.18-20.32.50:173][606]LogSlate: FSceneViewport::OnFocusLost() reason 0
[2023.04.18-20.32.50:221][612]LogTemp: Repeating last play command: Selected Viewport
[2023.04.18-20.32.50:229][612]LogBlueprintUserMessages: Early PlayInEditor Detection: Level '/Game/Levels/Level1.Level1:PersistentLevel' has LevelScriptBlueprint '/Game/Levels/Level1.Level1:PersistentLevel.Level1' with GeneratedClass '/Game/Levels/Level1.Level1_C' with ClassGeneratedBy '/Game/Levels/Level1.Level1:PersistentLevel.Level1'
[2023.04.18-20.32.50:229][612]BlueprintLog: New page: Pre-Play auto-recompile
[2023.04.18-20.32.50:231][612]LogPlayLevel: [PlayLevel] Compiling Crystal before play...
[2023.04.18-20.32.50:387][612]LogPlayLevel: PlayLevel: Blueprint regeneration took 156 ms (1 blueprints)
[2023.04.18-20.32.50:406][612]PIE: New page: PIE session: Level1 (19 kwi 2023, 00:32:50)
[2023.04.18-20.32.50:406][612]LogPlayLevel: Creating play world package: /Game/Levels/UEDPIE_0_Level1
[2023.04.18-20.32.50:413][612]LogPlayLevel: PIE: StaticDuplicateObject took: (0.007305s)
[2023.04.18-20.32.50:414][612]LogAIModule: Creating AISystem for world Level1
[2023.04.18-20.32.50:414][612]LogPlayLevel: PIE: World Init took: (0.000618s)
[2023.04.18-20.32.50:414][612]LogPlayLevel: PIE: Created PIE world by copying editor world from /Game/Levels/Level1.Level1 to /Game/Levels/UEDPIE_0_Level1.Level1 (0.008049s)
[2023.04.18-20.32.50:461][612]LogInit: XAudio2 using 'Realtek HD Audio 2nd output (Realtek(R) Audio)' : 2 channels at 48 kHz using 32 bits per sample (channel mask 0x3)
[2023.04.18-20.32.50:474][612]LogInit: FAudioDevice initialized.
[2023.04.18-20.32.50:513][612]LogLoad: Game class is 'BPGameMode_C'
[2023.04.18-20.32.50:516][612]LogWorld: Bringing World /Game/Levels/UEDPIE_0_Level1.Level1 up for play (max tick rate 0) at 2023.04.18-22.32.50
[2023.04.18-20.32.50:516][612]LogWorld: Bringing up level for play took: 0.001548
[2023.04.18-20.32.50:534][612]LogContentBrowser: Native class hierarchy updated for 'MovieSceneCapture' in 0.0003 seconds. Added 10 classes and 0 folders.
[2023.04.18-20.32.50:535][612]PIE: Play in editor start time for /Game/Levels/UEDPIE_0_Level1 0,976
[2023.04.18-20.32.50:535][612]LogBlueprintUserMessages: Late PlayInEditor Detection: Level '/Game/Levels/Level1.Level1:PersistentLevel' has LevelScriptBlueprint '/Game/Levels/Level1.Level1:PersistentLevel.Level1' with GeneratedClass '/Game/Levels/Level1.Level1_C' with ClassGeneratedBy '/Game/Levels/Level1.Level1:PersistentLevel.Level1'
[2023.04.18-20.32.58:125][521]LogNet: Browse: /Game/Levels/Level1
[2023.04.18-20.32.58:125][521]LogLoad: LoadMap: /Game/Levels/Level1
[2023.04.18-20.32.58:150][521]LogPlayLevel: Creating play world package: /Game/Levels/UEDPIE_0_Level1
[2023.04.18-20.32.58:157][521]LogPlayLevel: PIE: StaticDuplicateObject took: (0.006978s)
[2023.04.18-20.32.58:157][521]LogAIModule: Creating AISystem for world Level1
[2023.04.18-20.32.58:157][521]LogPlayLevel: PIE: World Init took: (0.000452s)
[2023.04.18-20.32.58:157][521]LogPlayLevel: PIE: Created PIE world by copying editor world from /Game/Levels/Level1.Level1 to /Game/Levels/UEDPIE_0_Level1.Level1 (0.007546s)
[2023.04.18-20.32.58:157][521]LogLoad: Game class is 'BPGameMode_C'
[2023.04.18-20.32.58:159][521]LogWorld: Bringing World /Game/Levels/UEDPIE_0_Level1.Level1 up for play (max tick rate 0) at 2023.04.18-22.32.58
[2023.04.18-20.32.58:159][521]LogWorld: Bringing up level for play took: 0.001226
[2023.04.18-20.32.58:160][521]LogLoad: Took 0.034190 seconds to LoadMap(/Game/Levels/UEDPIE_0_Level1)
[2023.04.18-20.33.04:054][228]LogBlueprintUserMessages: Early EndPlayMap Detection: Level '/Game/Levels/Level1.Level1:PersistentLevel' has LevelScriptBlueprint '/Game/Levels/Level1.Level1:PersistentLevel.Level1' with GeneratedClass '/Game/Levels/Level1.Level1_C' with ClassGeneratedBy '/Game/Levels/Level1.Level1:PersistentLevel.Level1'
[2023.04.18-20.33.04:054][228]LogSlate: Updating window title bar state: overlay mode, drag disabled, window buttons hidden, title bar hidden
[2023.04.18-20.33.04:085][228]LogPlayLevel: Display: Shutting down PIE online subsystems
[2023.04.18-20.33.04:085][228]LogBlueprintUserMessages: Late EndPlayMap Detection: Level '/Game/Levels/Level1.Level1:PersistentLevel' has LevelScriptBlueprint '/Game/Levels/Level1.Level1:PersistentLevel.Level1' with GeneratedClass '/Game/Levels/Level1.Level1_C' with ClassGeneratedBy '/Game/Levels/Level1.Level1:PersistentLevel.Level1'
[2023.04.18-20.33.04:106][228]LogSlate: Updating window title bar state: overlay mode, drag disabled, window buttons hidden, title bar hidden
[2023.04.18-20.33.04:160][233]LogPlayLevel: Display: Destroying online subsystem :Context_6
[2023.04.18-20.33.39:497][375]LogSlate: FSceneViewport::OnFocusLost() reason 2
[2023.04.18-20.33.40:955][544]LogEditorViewport: Clicking Background
[2023.04.18-20.34.14:248][537]LogSlate: FSceneViewport::OnFocusLost() reason 0
[2023.04.18-20.36.50:040][727]Cmd: OBJ SAVEPACKAGE PACKAGE="/Game/Levels/Level1" FILE="C:/Users/PC/Documents/GitHub/BallRunner/BallRunner/Saved/Autosaves/Game/Levels/Level1_Auto1.umap" SILENT=true AUTOSAVING=true KEEPDIRTY=false
[2023.04.18-20.36.50:182][727]LogSavePackage: Moving 'C:/Users/PC/Documents/GitHub/BallRunner/BallRunner/Saved/Level1_Auto1AC9DB65C4A9952EFCFA28D9CCB2E7001.tmp' to 'C:/Users/PC/Documents/GitHub/BallRunner/BallRunner/Saved/Autosaves/Game/Levels/Level1_Auto1.umap'
[2023.04.18-20.36.50:184][727]LogFileHelpers: Editor autosave (incl. sublevels) for '/Game/Levels/Level1' took 0.166
[2023.04.18-20.36.50:184][727]LogFileHelpers: Editor autosave (incl. sublevels) for all levels took 0.166
[2023.04.18-20.36.50:186][727]OBJ SavePackage: Generating thumbnails for [1] asset(s) in package [/Game/Blueprints/Actors/Collectables/Crystal] ([1] browsable assets)...
[2023.04.18-20.36.50:209][727]OBJ SavePackage:     Rendered thumbnail for [Blueprint /Game/Blueprints/Actors/Collectables/Crystal.Crystal]
[2023.04.18-20.36.50:209][727]OBJ SavePackage: Finished generating thumbnails for package [/Game/Blueprints/Actors/Collectables/Crystal]
[2023.04.18-20.36.50:228][727]LogSavePackage: Moving 'C:/Users/PC/Documents/GitHub/BallRunner/BallRunner/Saved/Crystal_Auto11D5F14984B1F7244C7EFA399632B618B.tmp' to 'C:/Users/PC/Documents/GitHub/BallRunner/BallRunner/Saved/Autosaves/Game/Blueprints/Actors/Collectables/Crystal_Auto1.uasset'
[2023.04.18-20.36.50:229][727]LogFileHelpers: Auto-saving content packages took 0.044
[2023.04.18-20.41.14:664][406]LogEditorTransaction: Undo Mouse Drag
[2023.04.18-20.41.14:914][435]LogEditorTransaction: Undo Add Key(s)
[2023.04.18-20.43.43:966][673]LogEditorTransaction: Undo Create Pin Link
[2023.04.18-20.43.44:378][722]LogEditorTransaction: Undo Promote To Variable
[2023.04.18-20.45.25:797][953]LogSlate: FSceneViewport::OnFocusLost() reason 0
[2023.04.18-20.45.38:402][194]LogTemp: Repeating last play command: Selected Viewport
[2023.04.18-20.45.38:416][194]LogBlueprintUserMessages: Early PlayInEditor Detection: Level '/Game/Levels/Level1.Level1:PersistentLevel' has LevelScriptBlueprint '/Game/Levels/Level1.Level1:PersistentLevel.Level1' with GeneratedClass '/Game/Levels/Level1.Level1_C' with ClassGeneratedBy '/Game/Levels/Level1.Level1:PersistentLevel.Level1'
[2023.04.18-20.45.38:416][194]BlueprintLog: New page: Pre-Play auto-recompile
[2023.04.18-20.45.38:419][194]LogPlayLevel: [PlayLevel] Compiling Crystal before play...
[2023.04.18-20.45.38:620][194]LogPlayLevel: PlayLevel: Blueprint regeneration took 203 ms (1 blueprints)
[2023.04.18-20.45.38:621][194]PIE: New page: PIE session: Level1 (19 kwi 2023, 00:45:38)
[2023.04.18-20.45.38:621][194]LogPlayLevel: Creating play world package: /Game/Levels/UEDPIE_0_Level1
[2023.04.18-20.45.38:629][194]LogPlayLevel: PIE: StaticDuplicateObject took: (0.008244s)
[2023.04.18-20.45.38:629][194]LogAIModule: Creating AISystem for world Level1
[2023.04.18-20.45.38:629][194]LogPlayLevel: PIE: World Init took: (0.000546s)
[2023.04.18-20.45.38:629][194]LogPlayLevel: PIE: Created PIE world by copying editor world from /Game/Levels/Level1.Level1 to /Game/Levels/UEDPIE_0_Level1.Level1 (0.008887s)
[2023.04.18-20.45.38:676][194]LogInit: XAudio2 using 'Realtek HD Audio 2nd output (Realtek(R) Audio)' : 2 channels at 48 kHz using 32 bits per sample (channel mask 0x3)
[2023.04.18-20.45.38:688][194]LogInit: FAudioDevice initialized.
[2023.04.18-20.45.38:715][194]LogLoad: Game class is 'BPGameMode_C'
[2023.04.18-20.45.38:717][194]LogWorld: Bringing World /Game/Levels/UEDPIE_0_Level1.Level1 up for play (max tick rate 0) at 2023.04.18-22.45.38
[2023.04.18-20.45.38:717][194]LogWorld: Bringing up level for play took: 0.001386
[2023.04.18-20.45.38:730][194]PIE: Play in editor start time for /Game/Levels/UEDPIE_0_Level1 1,171
[2023.04.18-20.45.38:730][194]LogBlueprintUserMessages: Late PlayInEditor Detection: Level '/Game/Levels/Level1.Level1:PersistentLevel' has LevelScriptBlueprint '/Game/Levels/Level1.Level1:PersistentLevel.Level1' with GeneratedClass '/Game/Levels/Level1.Level1_C' with ClassGeneratedBy '/Game/Levels/Level1.Level1:PersistentLevel.Level1'
[2023.04.18-20.45.53:067][914]LogBlueprintUserMessages: Early EndPlayMap Detection: Level '/Game/Levels/Level1.Level1:PersistentLevel' has LevelScriptBlueprint '/Game/Levels/Level1.Level1:PersistentLevel.Level1' with GeneratedClass '/Game/Levels/Level1.Level1_C' with ClassGeneratedBy '/Game/Levels/Level1.Level1:PersistentLevel.Level1'
[2023.04.18-20.45.53:067][914]LogSlate: Updating window title bar state: overlay mode, drag disabled, window buttons hidden, title bar hidden
[2023.04.18-20.45.53:102][914]LogPlayLevel: Display: Shutting down PIE online subsystems
[2023.04.18-20.45.53:102][914]LogBlueprintUserMessages: Late EndPlayMap Detection: Level '/Game/Levels/Level1.Level1:PersistentLevel' has LevelScriptBlueprint '/Game/Levels/Level1.Level1:PersistentLevel.Level1' with GeneratedClass '/Game/Levels/Level1.Level1_C' with ClassGeneratedBy '/Game/Levels/Level1.Level1:PersistentLevel.Level1'
[2023.04.18-20.45.53:125][914]LogSlate: Updating window title bar state: overlay mode, drag disabled, window buttons hidden, title bar hidden
[2023.04.18-20.45.53:170][918]LogPlayLevel: Display: Destroying online subsystem :Context_7
[2023.04.18-20.45.53:862][  1]LogSlate: FSceneViewport::OnFocusLost() reason 0
[2023.04.18-20.47.04:329][714]LogTemp: Repeating last play command: Selected Viewport
[2023.04.18-20.47.04:341][714]LogBlueprintUserMessages: Early PlayInEditor Detection: Level '/Game/Levels/Level1.Level1:PersistentLevel' has LevelScriptBlueprint '/Game/Levels/Level1.Level1:PersistentLevel.Level1' with GeneratedClass '/Game/Levels/Level1.Level1_C' with ClassGeneratedBy '/Game/Levels/Level1.Level1:PersistentLevel.Level1'
[2023.04.18-20.47.04:341][714]BlueprintLog: New page: Pre-Play auto-recompile
[2023.04.18-20.47.04:345][714]LogPlayLevel: [PlayLevel] Compiling Crystal before play...
[2023.04.18-20.47.04:476][714]LogPlayLevel: PlayLevel: Blueprint regeneration took 134 ms (1 blueprints)
[2023.04.18-20.47.04:476][714]PIE: New page: PIE session: Level1 (19 kwi 2023, 00:47:04)
[2023.04.18-20.47.04:476][714]LogPlayLevel: Creating play world package: /Game/Levels/UEDPIE_0_Level1
[2023.04.18-20.47.04:484][714]LogPlayLevel: PIE: StaticDuplicateObject took: (0.007499s)
[2023.04.18-20.47.04:484][714]LogAIModule: Creating AISystem for world Level1
[2023.04.18-20.47.04:484][714]LogPlayLevel: PIE: World Init took: (0.000475s)
[2023.04.18-20.47.04:484][714]LogPlayLevel: PIE: Created PIE world by copying editor world from /Game/Levels/Level1.Level1 to /Game/Levels/UEDPIE_0_Level1.Level1 (0.008073s)
[2023.04.18-20.47.04:532][714]LogInit: XAudio2 using 'Realtek HD Audio 2nd output (Realtek(R) Audio)' : 2 channels at 48 kHz using 32 bits per sample (channel mask 0x3)
[2023.04.18-20.47.04:545][714]LogInit: FAudioDevice initialized.
[2023.04.18-20.47.04:575][714]LogLoad: Game class is 'BPGameMode_C'
[2023.04.18-20.47.04:577][714]LogWorld: Bringing World /Game/Levels/UEDPIE_0_Level1.Level1 up for play (max tick rate 0) at 2023.04.18-22.47.04
[2023.04.18-20.47.04:577][714]LogWorld: Bringing up level for play took: 0.001469
[2023.04.18-20.47.04:590][714]PIE: Play in editor start time for /Game/Levels/UEDPIE_0_Level1 1,03
[2023.04.18-20.47.04:590][714]LogBlueprintUserMessages: Late PlayInEditor Detection: Level '/Game/Levels/Level1.Level1:PersistentLevel' has LevelScriptBlueprint '/Game/Levels/Level1.Level1:PersistentLevel.Level1' with GeneratedClass '/Game/Levels/Level1.Level1_C' with ClassGeneratedBy '/Game/Levels/Level1.Level1:PersistentLevel.Level1'
[2023.04.18-20.47.17:166][223]LogBlueprintUserMessages: Early EndPlayMap Detection: Level '/Game/Levels/Level1.Level1:PersistentLevel' has LevelScriptBlueprint '/Game/Levels/Level1.Level1:PersistentLevel.Level1' with GeneratedClass '/Game/Levels/Level1.Level1_C' with ClassGeneratedBy '/Game/Levels/Level1.Level1:PersistentLevel.Level1'
[2023.04.18-20.47.17:167][223]LogSlate: Updating window title bar state: overlay mode, drag disabled, window buttons hidden, title bar hidden
[2023.04.18-20.47.17:200][223]LogPlayLevel: Display: Shutting down PIE online subsystems
[2023.04.18-20.47.17:200][223]LogBlueprintUserMessages: Late EndPlayMap Detection: Level '/Game/Levels/Level1.Level1:PersistentLevel' has LevelScriptBlueprint '/Game/Levels/Level1.Level1:PersistentLevel.Level1' with GeneratedClass '/Game/Levels/Level1.Level1_C' with ClassGeneratedBy '/Game/Levels/Level1.Level1:PersistentLevel.Level1'
[2023.04.18-20.47.17:223][223]LogSlate: Updating window title bar state: overlay mode, drag disabled, window buttons hidden, title bar hidden
[2023.04.18-20.47.17:268][226]LogPlayLevel: Display: Destroying online subsystem :Context_8
[2023.04.18-20.47.42:838][937]Cmd: OBJ SAVEPACKAGE PACKAGE="/Game/Levels/Level1" FILE="C:/Users/PC/Documents/GitHub/BallRunner/BallRunner/Saved/Autosaves/Game/Levels/Level1_Auto2.umap" SILENT=true AUTOSAVING=true KEEPDIRTY=false
[2023.04.18-20.47.42:971][937]LogSavePackage: Moving 'C:/Users/PC/Documents/GitHub/BallRunner/BallRunner/Saved/Level1_Auto2828EEA03429E365CAEB658A839472C14.tmp' to 'C:/Users/PC/Documents/GitHub/BallRunner/BallRunner/Saved/Autosaves/Game/Levels/Level1_Auto2.umap'
[2023.04.18-20.47.42:974][937]LogFileHelpers: Editor autosave (incl. sublevels) for '/Game/Levels/Level1' took 0.158
[2023.04.18-20.47.42:974][937]LogFileHelpers: Editor autosave (incl. sublevels) for all levels took 0.158
[2023.04.18-20.47.42:977][937]OBJ SavePackage: Generating thumbnails for [1] asset(s) in package [/Game/Blueprints/Actors/Collectables/Crystal] ([1] browsable assets)...
[2023.04.18-20.47.42:993][937]OBJ SavePackage:     Rendered thumbnail for [Blueprint /Game/Blueprints/Actors/Collectables/Crystal.Crystal]
[2023.04.18-20.47.42:993][937]OBJ SavePackage: Finished generating thumbnails for package [/Game/Blueprints/Actors/Collectables/Crystal]
[2023.04.18-20.47.43:016][937]LogSavePackage: Moving 'C:/Users/PC/Documents/GitHub/BallRunner/BallRunner/Saved/Crystal_Auto20502D9794D1822F4BD0001B77CF9CE99.tmp' to 'C:/Users/PC/Documents/GitHub/BallRunner/BallRunner/Saved/Autosaves/Game/Blueprints/Actors/Collectables/Crystal_Auto2.uasset'
[2023.04.18-20.47.43:018][937]LogFileHelpers: Auto-saving content packages took 0.042
[2023.04.18-21.00.00:258][488]LogSlate: FSceneViewport::OnFocusLost() reason 0
